[11:46:29] [Server thread/INFO]: Starting minecraft server version 1.8.8
[11:46:29] [Server thread/INFO]: Loading properties
[11:46:29] [Server thread/INFO]: Default game type: SURVIVAL
[11:46:29] [Server thread/INFO]: This server is running CraftBukkit version git-Spigot-db6de12-18fbb24 (MC: 1.8.8) (Implementing API version 1.8.8-R0.1-SNAPSHOT)
[11:46:29] [Server thread/INFO]: Server Ping Player Sample Count: 12
[11:46:29] [Server thread/INFO]: Using 4 threads for Netty based IO
[11:46:29] [Server thread/INFO]: Debug logging is disabled
[11:46:29] [Server thread/INFO]: Generating keypair
[11:46:29] [Server thread/INFO]: Starting Minecraft server on *:25565
[11:46:29] [Server thread/INFO]: Using epoll channel type
[11:46:29] [Server thread/INFO]: Set PluginClassLoader as parallel capable
[11:46:29] [Server thread/INFO]: [WorldEdit] Loading WorldEdit v6.1.9;caf0ad9
[11:46:29] [Server thread/INFO]: [HypixelSkyBlock-Common] Loading HypixelSkyBlock-Common v1.0
[11:46:29] [Server thread/INFO]: [ProtocolLib] Loading ProtocolLib v4.7.0
[11:46:30] [Server thread/INFO]: [ProtocolLib] Enabling ProtocolLib v4.7.0
[11:46:30] [Server thread/INFO]: [ProtocolLib] Started structure compiler thread.
[11:46:30] [Server thread/INFO]: **** Beginning UUID conversion, this may take A LONG time ****
[11:46:30] [Server thread/INFO]: Preparing level "world"
[11:46:30] [Server thread/INFO]: -------- World Settings For [world] --------
[11:46:30] [Server thread/INFO]: Cactus Growth Modifier: 100%
[11:46:30] [Server thread/INFO]: Cane Growth Modifier: 100%
[11:46:30] [Server thread/INFO]: Melon Growth Modifier: 100%
[11:46:30] [Server thread/INFO]: Mushroom Growth Modifier: 100%
[11:46:30] [Server thread/INFO]: Pumpkin Growth Modifier: 100%
[11:46:30] [Server thread/INFO]: Sapling Growth Modifier: 100%
[11:46:30] [Server thread/INFO]: Wheat Growth Modifier: 100%
[11:46:30] [Server thread/INFO]: NetherWart Growth Modifier: 100%
[11:46:30] [Server thread/INFO]: Mob Spawn Range: 4
[11:46:30] [Server thread/INFO]: Anti X-Ray: true
[11:46:30] [Server thread/INFO]: 	Engine Mode: 1
[11:46:30] [Server thread/INFO]: 	Hidden Blocks: [14, 15, 16, 21, 48, 49, 54, 56, 73, 74, 82, 129, 130]
[11:46:30] [Server thread/INFO]: 	Replace Blocks: [1, 5]
[11:46:30] [Server thread/INFO]: Nerfing mobs spawned from spawners: false
[11:46:30] [Server thread/INFO]: Entity Activation Range: An 32 / Mo 32 / Mi 16
[11:46:30] [Server thread/INFO]: Entity Tracking Range: Pl 48 / An 48 / Mo 48 / Mi 32 / Other 64
[11:46:30] [Server thread/INFO]: Hopper Transfer: 8 Hopper Check: 8 Hopper Amount: 1
[11:46:30] [Server thread/INFO]: Random Lighting Updates: false
[11:46:30] [Server thread/INFO]: Structure Info Saving: true
[11:46:30] [Server thread/INFO]: Sending up to 10 chunks per packet
[11:46:30] [Server thread/INFO]: Max Entity Collisions: 8
[11:46:30] [Server thread/INFO]: Custom Map Seeds:  Village: 10387312 Feature: 14357617
[11:46:30] [Server thread/INFO]: Max TNT Explosions: 100
[11:46:30] [Server thread/INFO]: Tile Max Tick Time: 50ms Entity max Tick Time: 50ms
[11:46:30] [Server thread/INFO]: Item Despawn Rate: 6000
[11:46:30] [Server thread/INFO]: Item Merge Radius: 2.5
[11:46:30] [Server thread/INFO]: Arrow Despawn Rate: 1200
[11:46:30] [Server thread/INFO]: Allow Zombie Pigmen to spawn from portal blocks: true
[11:46:30] [Server thread/INFO]: View Distance: 10
[11:46:30] [Server thread/INFO]: Zombie Aggressive Towards Villager: true
[11:46:30] [Server thread/INFO]: Chunks to Grow per Tick: 650
[11:46:30] [Server thread/INFO]: Clear tick list: false
[11:46:30] [Server thread/INFO]: Experience Merge Radius: 3.0
[11:46:30] [Server thread/INFO]: -------- World Settings For [world_the_end] --------
[11:46:30] [Server thread/INFO]: Cactus Growth Modifier: 100%
[11:46:30] [Server thread/INFO]: Cane Growth Modifier: 100%
[11:46:30] [Server thread/INFO]: Melon Growth Modifier: 100%
[11:46:30] [Server thread/INFO]: Mushroom Growth Modifier: 100%
[11:46:30] [Server thread/INFO]: Pumpkin Growth Modifier: 100%
[11:46:30] [Server thread/INFO]: Sapling Growth Modifier: 100%
[11:46:30] [Server thread/INFO]: Wheat Growth Modifier: 100%
[11:46:30] [Server thread/INFO]: NetherWart Growth Modifier: 100%
[11:46:30] [Server thread/INFO]: Mob Spawn Range: 4
[11:46:30] [Server thread/INFO]: Anti X-Ray: true
[11:46:30] [Server thread/INFO]: 	Engine Mode: 1
[11:46:30] [Server thread/INFO]: 	Hidden Blocks: [14, 15, 16, 21, 48, 49, 54, 56, 73, 74, 82, 129, 130]
[11:46:30] [Server thread/INFO]: 	Replace Blocks: [1, 5]
[11:46:30] [Server thread/INFO]: Nerfing mobs spawned from spawners: false
[11:46:30] [Server thread/INFO]: Entity Activation Range: An 32 / Mo 32 / Mi 16
[11:46:30] [Server thread/INFO]: Entity Tracking Range: Pl 48 / An 48 / Mo 48 / Mi 32 / Other 64
[11:46:30] [Server thread/INFO]: Hopper Transfer: 8 Hopper Check: 8 Hopper Amount: 1
[11:46:30] [Server thread/INFO]: Random Lighting Updates: false
[11:46:30] [Server thread/INFO]: Structure Info Saving: true
[11:46:30] [Server thread/INFO]: Sending up to 10 chunks per packet
[11:46:30] [Server thread/INFO]: Max Entity Collisions: 8
[11:46:30] [Server thread/INFO]: Custom Map Seeds:  Village: 10387312 Feature: 14357617
[11:46:30] [Server thread/INFO]: Max TNT Explosions: 100
[11:46:30] [Server thread/INFO]: Tile Max Tick Time: 50ms Entity max Tick Time: 50ms
[11:46:30] [Server thread/INFO]: Item Despawn Rate: 6000
[11:46:30] [Server thread/INFO]: Item Merge Radius: 2.5
[11:46:30] [Server thread/INFO]: Arrow Despawn Rate: 1200
[11:46:30] [Server thread/INFO]: Allow Zombie Pigmen to spawn from portal blocks: true
[11:46:30] [Server thread/INFO]: View Distance: 10
[11:46:30] [Server thread/INFO]: Zombie Aggressive Towards Villager: true
[11:46:30] [Server thread/INFO]: Chunks to Grow per Tick: 650
[11:46:30] [Server thread/INFO]: Clear tick list: false
[11:46:30] [Server thread/INFO]: Experience Merge Radius: 3.0
[11:46:30] [Server thread/INFO]: Preparing start region for level 0 (Seed: 7688168089384142518)
[11:46:31] [Server thread/INFO]: Preparing start region for level 1 (Seed: 7688168089384142518)
[11:46:31] [Server thread/INFO]: [WorldEdit] Enabling WorldEdit v6.1.9;caf0ad9
[11:46:31] [Server thread/INFO]: WEPIF: Using the Bukkit Permissions API.
[11:46:31] [Server thread/INFO]: [WorldEdit] Using com.sk89q.worldedit.bukkit.adapter.impl.Spigot_v1_8_R3 as the Bukkit adapter
[11:46:31] [Server thread/INFO]: [HypixelSkyBlock-Common] Enabling HypixelSkyBlock-Common v1.0
[11:46:31] [packetevents-update-check-thread/INFO]: [HypixelSkyBlock-Common] [packetevents] Checking for an update, please wait...
[11:46:31] [Server thread/INFO]: ttftfffttttttttttfffffffttftt1ttttttt111tttt1111111tttt1tt111tttt111111tttt1ttttttttttttttt111111111
ttfttttttttttttttttfLLLftfffffffffftttt111tt11111ttffffftttt1111111111111111ttttttfttttttttt111111t1
ttttttttttttttttffffLfftffffffffLLffttttttftt111ttfffffftttttttt111111ttttttffffttfffttttttt111111tt
ttttttttttttttttfffLfttffffffLLffffttttttttttt1tfffffffffftttttt111111tffffffffftttfffftttt11111ttt1
ttttttttttttffLfttfffttfffffffffttfftttttt1t1tt11tfffffftttttt111t111111ttffffLLffttfffftt111111tttt
ttttttttttffLLLLfttttffLLLfttttftfLftttttttffffttttffffttttfftt11t111tt111ttfffLffttfftttttt1111tttt
ttttttttffLLLLLLLffttfLLffttfffftfLfttttttffttt11111ttttffffffftt1111tft11111ttffffttt11tfftt11ttttt
tttttttfffLLLLLLLLfftffttttffLffftfftttttft1i;;::::;iitffffffffftt111tft1tttt1ttffLfttttfffffttttttt
tttttttfffLLLLLLLLfttttffftffffftfttttttff1:,,,,,,,,::itfffffffft11111111ttttttttttt1tfffffffffffttt
tttffttffLLLLLLLLLfttfftffffffffLLLftttttt;::,:::;;;;::1tfffftfft11111ttt1ttt1tfttt11ttffffffffLfttt
tffffffffLLLLLLLffftfLfffttfLLffLLLfttttti;;;iii11111;:i11ttffft111111tfft11t11tt1tttttfffLLLLLLfttf
tfffffttttfLLLffttttfffffttLLLLfLLLftttfti:;;;iiiiiiii;it111tt111t1111tffttfftt11ttftttfffLLLLLLffff
ttttfttttffffftttttttttttttfLLLffLLfttttt1;;;;;;iiiiii;1tft11tt1111111tfftfffftttttttttttfLLfffttfff
tfffffffffftttfffffffffttffttLLfffLfttttt11i;;;;iiiiiii1tt11tfftt11111ttt1fffttt1tttttttttfffftttttt
ttffffffffftttfffffffffttffftffttftttttff1ii;;;;iii1iii111tt1ttttt1111t111ffttffttfffffLffttttffffff
ttffffffffttttffffffffttttttttttffftttttft1ii;;;ii1iii111tfft11ttt111111t1tt1tfft1ttffffLLftttLLLLLL
tttffffffffttfffffffftttttttt11fffftttt1t111iiii;iiiii11ttffft11111111ttttttt1tt11ttffffLfftttfLLLLf
tttttttffffttfffttttttttffttt11tffttttttt11ttii;;;iiii11i1ffftt1111111tttt111tttt11ttttffffftffLLLff
tfttttttttttttttttttttfffftttt11tfftttttt111t1i;;;iiii1i,,:;i1111t1111ttt111t1tfftt11111ttfftffffftt
ttttfffftttttttfffftttffffttffttttft111tt11111i;;;iiii1;,,....,:::;i11tt111tt11tffftttttttt1tttttttt
t11ttffffftttffffffttttfffttffttttft1111111111;;;;;;;it;,...........,:it111ttt1tffftttttfft11ttfffff
tt1ttfffftt1ttfffft111tffttfttttttt1111t1i;:;11i1i;;1t1:,,............,itt11tt1tfftt1tfffffft1tffLLf
tfttttfttttt11tttt1ttt11ttttttftt111111i:,..:1111iii11;,...............;tt111t11ttttttttffttt11ffLLf
tfftttttttfftttttttffftt111ttffftt11i;,.,...,iiii;;;;:,,...............:1ttt1111ttfffttttft1tt1ttfft
ttttttttttttttt11ttttttttttfffffft1:,..........::::::,,,...............,1ttttt11ttfffffttttffftttttt
tfffttttffffftt11ttttttttttfffffft1:...........:;::;:..................,1tttttt1ttfffffttttttttftttf
tfffttttfffffft1ttftttfftttttffft11:...........,:::::..................,1tttft11tfffffffttfffffffttf
tfffttttffffff11tttttttttttttttttt1;...........,::::,...................;t1t1111tfffffLfttfffffffttf
tfffttttfftttt11tttttttt1tfftttttt1:...........,::::,...... ............,1111tt11fffffLftttffttffttf
tttttttttttttt11tttttttt1tffftttft1:...........,:::,,....................it1ttt11tfffffftttffttffttt
ttttt1tttttttt11ttttttttttffttttttt:...........,::,,.....................:111tt11tttttttt1tttttttttt
ttttt1tttttttt11tftttttftttttttttt1;,:;:.......,:,,,....................,,1111t11ttttttt11ttttttfttt
1tttt1ttfffttt11ttffffffttttfffft11ii1i:.......,:,,,.....................,1tt1111ttttttt111tttttfttt
1ttt11tttttttt11tttttttttttttttttti;;;;:.......,:,,,....... .............,itt1111tttt11t111ttttttt1t
111111tttttttt11111111ttttttttttt1i;;;;:.......,:,,,......................itt11111111111111111111111
1111111111111111111111ttttttttttt1;;;;;:...... ,:,,,,.....................itt11t11111111111111111111
1111111111111111111111tttttttttt1;:,::;,...... ,:...,.....................ittttt11111111111111111111
111111111111111111111111tttttttt1i,.....  .... .:........................,i1tttt11111111111111111111
1111111111111111111111111t11t11111;,....,,.... ,:::,,,...................,11ttttt11t1111111t11111111
11111111111111111111111111111111111iiiiii. ... .::::::,..................,11t1ttt111t11111tttttt1111
1111111111111111111111111111111111111111:.,.....::::::,..................:111tttttt1tttt11tttttt1111
1111111111111111111111111111111111111111:::,...,::::;::,..,,.............:11tt1ttttttttttttttttt1111
~~~~~~ Hypixel SkyBlock Recreate  -  Made by fan87 ~~~~~~
[11:46:31] [Server thread/WARN]: SLF4J: Failed to load class "org.slf4j.impl.StaticLoggerBinder".
[11:46:31] [Server thread/WARN]: SLF4J: Defaulting to no-operation (NOP) logger implementation
[11:46:31] [Server thread/WARN]: SLF4J: See http://www.slf4j.org/codes.html#StaticLoggerBinder for further details.
[11:46:32] [Server thread/INFO]: Server permissions file permissions.yml is empty, ignoring it
[11:46:32] [Server thread/INFO]: Done (1.533s)! For help, type "help" or "?"
[11:46:32] [packetevents-update-check-thread/INFO]: [packetevents] You are on a dev or pre released build of PacketEvents. Your build: (1.7.9.17) | Latest released build: (1.7.9)
[11:46:37] [User Authenticator #1/INFO]: UUID of player Kumolex is 7665b895-4512-448d-84be-4274dcdc53a0
[11:46:37] [Server thread/INFO]: Player has been registered
[11:46:37] [Server thread/INFO]: textures
[11:46:37] [Thread-10/WARN]: java.lang.NullPointerException
[11:46:37] [Thread-10/WARN]: 	at imgui.ImGui.checkbox(ImGui.java:1794)
[11:46:37] [Thread-10/WARN]: 	at me.fan87.commonplugin.debug.impl.DebugSkyBlock.process(DebugSkyBlock.java:70)
[11:46:37] [Thread-10/WARN]: 	at me.fan87.commonplugin.debug.DebugGui.run(DebugGui.java:91)
[11:46:37] [Server thread/INFO]: [NBTAPI] Found Spigot: v1_8_R3! Trying to find NMS support
[11:46:37] [Thread-10/WARN]: 	at me.fan87.commonplugin.debug.DebugGuiManager.lambda$registerGui$0(DebugGuiManager.java:26)
[11:46:37] [Server thread/INFO]: [NBTAPI] NMS support 'MC1_8_R3' loaded!
[11:46:37] [Thread-10/WARN]: 	at java.lang.Thread.run(Thread.java:748)
[11:46:37] [Server thread/INFO]: [NBTAPI] Found Gson: class com.google.gson.Gson
[11:46:37] [Server thread/WARN]: #########################################- NBTAPI -#########################################
[11:46:37] [Server thread/WARN]: The NBT-API package has not been moved! This *will* cause problems with other plugins containing
[11:46:37] [Server thread/WARN]: a different version of the api! Please read the guide on the plugin page on how to get the
[11:46:37] [Server thread/WARN]: Maven Shade plugin to relocate the api to your personal location! If you are not the developer,
[11:46:37] [Server thread/WARN]: please check your plugins and contact their developer, so he can fix this issue.
[11:46:37] [Server thread/WARN]: #########################################- NBTAPI -#########################################
[11:46:37] [Server thread/INFO]: Kumolex[/127.0.0.1:45940] logged in with entity id 21 at ([world]79.37394499320197, 68.0, 95.47209243260374)
[11:46:37] [Thread-11/INFO]: [NBTAPI] The NBT-API seems to be up-to-date!
[11:48:02] [Server thread/INFO]: Kumolex lost connection: Disconnected
[11:48:02] [Server thread/INFO]: [WARNING] Subscriber to unregister was not registered before: class java.lang.Boolean
[11:48:02] [Server thread/INFO]: Kumolex left the game.
[11:48:03] [User Authenticator #2/INFO]: UUID of player Kumolex is 7665b895-4512-448d-84be-4274dcdc53a0
[11:48:03] [Server thread/INFO]: Player has been registered
[11:48:03] [Server thread/INFO]: textures: ewogICJ0aW1lc3RhbXAiIDogMTY0MDgzNjA4NDE3NSwKICAicHJvZmlsZUlkIiA6ICI3NjY1Yjg5NTQ1MTI0NDhkODRiZTQyNzRkY2RjNTNhMCIsCiAgInByb2ZpbGVOYW1lIiA6ICJLdW1vbGV4IiwKICAic2lnbmF0dXJlUmVxdWlyZWQiIDogdHJ1ZSwKICAidGV4dHVyZXMiIDogewogICAgIlNLSU4iIDogewogICAgICAidXJsIiA6ICJodHRwOi8vdGV4dHVyZXMubWluZWNyYWZ0Lm5ldC90ZXh0dXJlLzQ0ZmZhZWJjMjZmYTM2N2RiNGQxZjBkNDEyYmQzZTRiM2ViNmFlNmM1OTg3NGQ0YTdiYmI0M2RjYmQxMDg5MTYiLAogICAgICAibWV0YWRhdGEiIDogewogICAgICAgICJtb2RlbCIgOiAic2xpbSIKICAgICAgfQogICAgfQogIH0KfQ==
[11:48:03] [Server thread/INFO]: Kumolex[/127.0.0.1:45968] logged in with entity id 8292 at ([world]77.3075984325411, 70.0, 97.56427425512952)
[11:51:11] [Server thread/INFO]: CONSOLE: [0;31;1mPlease note that this command is not supported and may cause issues when using some plugins.[m
[11:51:11] [Server thread/INFO]: CONSOLE: [0;31;1mIf you encounter any issues please use the /stop command to restart your server.[m
[11:51:11] [Server thread/INFO]: Server Ping Player Sample Count: 12
[11:51:11] [Server thread/INFO]: Using 4 threads for Netty based IO
[11:51:11] [Server thread/INFO]: Debug logging is disabled
[11:51:11] [Server thread/INFO]: -------- World Settings For [world] --------
[11:51:11] [Server thread/INFO]: Cactus Growth Modifier: 100%
[11:51:11] [Server thread/INFO]: Cane Growth Modifier: 100%
[11:51:11] [Server thread/INFO]: Melon Growth Modifier: 100%
[11:51:11] [Server thread/INFO]: Mushroom Growth Modifier: 100%
[11:51:11] [Server thread/INFO]: Pumpkin Growth Modifier: 100%
[11:51:11] [Server thread/INFO]: Sapling Growth Modifier: 100%
[11:51:11] [Server thread/INFO]: Wheat Growth Modifier: 100%
[11:51:11] [Server thread/INFO]: NetherWart Growth Modifier: 100%
[11:51:11] [Server thread/INFO]: Mob Spawn Range: 4
[11:51:11] [Server thread/INFO]: Anti X-Ray: true
[11:51:11] [Server thread/INFO]: 	Engine Mode: 1
[11:51:11] [Server thread/INFO]: 	Hidden Blocks: [14, 15, 16, 21, 48, 49, 54, 56, 73, 74, 82, 129, 130]
[11:51:11] [Server thread/INFO]: 	Replace Blocks: [1, 5]
[11:51:11] [Server thread/INFO]: Nerfing mobs spawned from spawners: false
[11:51:11] [Server thread/INFO]: Entity Activation Range: An 32 / Mo 32 / Mi 16
[11:51:11] [Server thread/INFO]: Entity Tracking Range: Pl 48 / An 48 / Mo 48 / Mi 32 / Other 64
[11:51:11] [Server thread/INFO]: Hopper Transfer: 8 Hopper Check: 8 Hopper Amount: 1
[11:51:11] [Server thread/INFO]: Random Lighting Updates: false
[11:51:11] [Server thread/INFO]: Structure Info Saving: true
[11:51:11] [Server thread/INFO]: Sending up to 10 chunks per packet
[11:51:11] [Server thread/INFO]: Max Entity Collisions: 8
[11:51:11] [Server thread/INFO]: Custom Map Seeds:  Village: 10387312 Feature: 14357617
[11:51:11] [Server thread/INFO]: Max TNT Explosions: 100
[11:51:11] [Server thread/INFO]: Tile Max Tick Time: 50ms Entity max Tick Time: 50ms
[11:51:11] [Server thread/INFO]: Item Despawn Rate: 6000
[11:51:11] [Server thread/INFO]: Item Merge Radius: 2.5
[11:51:11] [Server thread/INFO]: Arrow Despawn Rate: 1200
[11:51:11] [Server thread/INFO]: Allow Zombie Pigmen to spawn from portal blocks: true
[11:51:11] [Server thread/INFO]: View Distance: 10
[11:51:11] [Server thread/INFO]: Zombie Aggressive Towards Villager: true
[11:51:11] [Server thread/INFO]: Chunks to Grow per Tick: 650
[11:51:11] [Server thread/INFO]: Clear tick list: false
[11:51:11] [Server thread/INFO]: Experience Merge Radius: 3.0
[11:51:11] [Server thread/INFO]: -------- World Settings For [world_the_end] --------
[11:51:11] [Server thread/INFO]: Cactus Growth Modifier: 100%
[11:51:11] [Server thread/INFO]: Cane Growth Modifier: 100%
[11:51:11] [Server thread/INFO]: Melon Growth Modifier: 100%
[11:51:11] [Server thread/INFO]: Mushroom Growth Modifier: 100%
[11:51:11] [Server thread/INFO]: Pumpkin Growth Modifier: 100%
[11:51:11] [Server thread/INFO]: Sapling Growth Modifier: 100%
[11:51:11] [Server thread/INFO]: Wheat Growth Modifier: 100%
[11:51:11] [Server thread/INFO]: NetherWart Growth Modifier: 100%
[11:51:11] [Server thread/INFO]: Mob Spawn Range: 4
[11:51:11] [Server thread/INFO]: Anti X-Ray: true
[11:51:11] [Server thread/INFO]: 	Engine Mode: 1
[11:51:11] [Server thread/INFO]: 	Hidden Blocks: [14, 15, 16, 21, 48, 49, 54, 56, 73, 74, 82, 129, 130]
[11:51:11] [Server thread/INFO]: 	Replace Blocks: [1, 5]
[11:51:11] [Server thread/INFO]: Nerfing mobs spawned from spawners: false
[11:51:11] [Server thread/INFO]: Entity Activation Range: An 32 / Mo 32 / Mi 16
[11:51:11] [Server thread/INFO]: Entity Tracking Range: Pl 48 / An 48 / Mo 48 / Mi 32 / Other 64
[11:51:11] [Server thread/INFO]: Hopper Transfer: 8 Hopper Check: 8 Hopper Amount: 1
[11:51:11] [Server thread/INFO]: Random Lighting Updates: false
[11:51:11] [Server thread/INFO]: Structure Info Saving: true
[11:51:11] [Server thread/INFO]: Sending up to 10 chunks per packet
[11:51:11] [Server thread/INFO]: Max Entity Collisions: 8
[11:51:11] [Server thread/INFO]: Custom Map Seeds:  Village: 10387312 Feature: 14357617
[11:51:11] [Server thread/INFO]: Max TNT Explosions: 100
[11:51:11] [Server thread/INFO]: Tile Max Tick Time: 50ms Entity max Tick Time: 50ms
[11:51:11] [Server thread/INFO]: Item Despawn Rate: 6000
[11:51:11] [Server thread/INFO]: Item Merge Radius: 2.5
[11:51:11] [Server thread/INFO]: Arrow Despawn Rate: 1200
[11:51:11] [Server thread/INFO]: Allow Zombie Pigmen to spawn from portal blocks: true
[11:51:11] [Server thread/INFO]: View Distance: 10
[11:51:11] [Server thread/INFO]: Zombie Aggressive Towards Villager: true
[11:51:11] [Server thread/INFO]: Chunks to Grow per Tick: 650
[11:51:11] [Server thread/INFO]: Clear tick list: false
[11:51:11] [Server thread/INFO]: Experience Merge Radius: 3.0
[11:51:11] [Server thread/INFO]: [ProtocolLib] Disabling ProtocolLib v4.7.0
[11:51:11] [Server thread/INFO]: [HypixelSkyBlock-Common] Disabling HypixelSkyBlock-Common v1.0
[11:51:11] [Server thread/INFO]: [WorldEdit] Disabling WorldEdit v6.1.9;caf0ad9
[11:51:11] [Server thread/INFO]: [WorldEdit] Loading WorldEdit v6.1.9;caf0ad9
[11:51:11] [Server thread/INFO]: [HypixelSkyBlock-Common] Loading HypixelSkyBlock-Common v1.0
[11:51:11] [Server thread/INFO]: [ProtocolLib] Loading ProtocolLib v4.7.0
[11:51:12] [Server thread/INFO]: [ProtocolLib] Enabling ProtocolLib v4.7.0
[11:51:12] [Server thread/INFO]: [ProtocolLib] Started structure compiler thread.
[11:51:12] [Server thread/INFO]: [WorldEdit] Enabling WorldEdit v6.1.9;caf0ad9
[11:51:12] [Server thread/INFO]: WEPIF: Using the Bukkit Permissions API.
[11:51:12] [Server thread/INFO]: [WorldEdit] Using com.sk89q.worldedit.bukkit.adapter.impl.Spigot_v1_8_R3 as the Bukkit adapter
[11:51:12] [Server thread/INFO]: [HypixelSkyBlock-Common] Enabling HypixelSkyBlock-Common v1.0
[11:51:12] [Thread-14/WARN]: Exception in thread "Thread-14" 
[11:51:12] [Thread-14/WARN]: java.lang.UnsatisfiedLinkError: Native Library /tmp/lwjglfan87/3.2.3-1.7.32/liblwjgl.so already loaded in another classloader
[11:51:12] [Thread-14/WARN]: 	at java.lang.ClassLoader.loadLibrary0(ClassLoader.java:1900)
[11:51:12] [Thread-14/WARN]: 	at java.lang.ClassLoader.loadLibrary(ClassLoader.java:1817)
[11:51:12] [Thread-14/WARN]: 	at java.lang.Runtime.load0(Runtime.java:810)
[11:51:12] [Thread-14/WARN]: 	at java.lang.System.load(System.java:1086)
[11:51:12] [Thread-14/WARN]: 	at org.lwjgl.system.Library.loadSystem(Library.java:177)
[11:51:12] [Thread-14/WARN]: 	at org.lwjgl.system.Library.loadSystemFromLibraryPath(Library.java:167)
[11:51:12] [Thread-14/WARN]: 	at org.lwjgl.system.Library.loadSystem(Library.java:123)
[11:51:12] [Thread-14/WARN]: 	at org.lwjgl.system.Library.loadSystem(Library.java:62)
[11:51:12] [Thread-14/WARN]: 	at org.lwjgl.system.Library.<clinit>(Library.java:50)
[11:51:12] [Thread-14/WARN]: 	at org.lwjgl.system.MemoryUtil.<clinit>(MemoryUtil.java:97)
[11:51:12] [Thread-14/WARN]: 	at org.lwjgl.system.Pointer$Default.<clinit>(Pointer.java:67)
[11:51:12] [Thread-14/WARN]: 	at org.lwjgl.system.Callback.<clinit>(Callback.java:41)
[11:51:12] [Thread-14/WARN]: 	at me.fan87.commonplugin.debug.DebugGui.initWindow(DebugGui.java:51)
[11:51:12] [Thread-14/WARN]: 	at me.fan87.commonplugin.debug.DebugGui.init(DebugGui.java:35)
[11:51:12] [Thread-14/WARN]: 	at me.fan87.commonplugin.debug.DebugGuiManager.lambda$registerGui$0(DebugGuiManager.java:25)
[11:51:12] [Thread-14/WARN]: 	at java.lang.Thread.run(Thread.java:748)
[11:51:12] [packetevents-update-check-thread/INFO]: [HypixelSkyBlock-Common] [packetevents] Checking for an update, please wait...
[11:51:12] [Server thread/INFO]: ttftfffttttttttttfffffffttftt1ttttttt111tttt1111111tttt1tt111tttt111111tttt1ttttttttttttttt111111111
ttfttttttttttttttttfLLLftfffffffffftttt111tt11111ttffffftttt1111111111111111ttttttfttttttttt111111t1
ttttttttttttttttffffLfftffffffffLLffttttttftt111ttfffffftttttttt111111ttttttffffttfffttttttt111111tt
ttttttttttttttttfffLfttffffffLLffffttttttttttt1tfffffffffftttttt111111tffffffffftttfffftttt11111ttt1
ttttttttttttffLfttfffttfffffffffttfftttttt1t1tt11tfffffftttttt111t111111ttffffLLffttfffftt111111tttt
ttttttttttffLLLLfttttffLLLfttttftfLftttttttffffttttffffttttfftt11t111tt111ttfffLffttfftttttt1111tttt
ttttttttffLLLLLLLffttfLLffttfffftfLfttttttffttt11111ttttffffffftt1111tft11111ttffffttt11tfftt11ttttt
tttttttfffLLLLLLLLfftffttttffLffftfftttttft1i;;::::;iitffffffffftt111tft1tttt1ttffLfttttfffffttttttt
tttttttfffLLLLLLLLfttttffftffffftfttttttff1:,,,,,,,,::itfffffffft11111111ttttttttttt1tfffffffffffttt
tttffttffLLLLLLLLLfttfftffffffffLLLftttttt;::,:::;;;;::1tfffftfft11111ttt1ttt1tfttt11ttffffffffLfttt
tffffffffLLLLLLLffftfLfffttfLLffLLLfttttti;;;iii11111;:i11ttffft111111tfft11t11tt1tttttfffLLLLLLfttf
tfffffttttfLLLffttttfffffttLLLLfLLLftttfti:;;;iiiiiiii;it111tt111t1111tffttfftt11ttftttfffLLLLLLffff
ttttfttttffffftttttttttttttfLLLffLLfttttt1;;;;;;iiiiii;1tft11tt1111111tfftfffftttttttttttfLLfffttfff
tfffffffffftttfffffffffttffttLLfffLfttttt11i;;;;iiiiiii1tt11tfftt11111ttt1fffttt1tttttttttfffftttttt
ttffffffffftttfffffffffttffftffttftttttff1ii;;;;iii1iii111tt1ttttt1111t111ffttffttfffffLffttttffffff
ttffffffffttttffffffffttttttttttffftttttft1ii;;;ii1iii111tfft11ttt111111t1tt1tfft1ttffffLLftttLLLLLL
tttffffffffttfffffffftttttttt11fffftttt1t111iiii;iiiii11ttffft11111111ttttttt1tt11ttffffLfftttfLLLLf
tttttttffffttfffttttttttffttt11tffttttttt11ttii;;;iiii11i1ffftt1111111tttt111tttt11ttttffffftffLLLff
tfttttttttttttttttttttfffftttt11tfftttttt111t1i;;;iiii1i,,:;i1111t1111ttt111t1tfftt11111ttfftffffftt
ttttfffftttttttfffftttffffttffttttft111tt11111i;;;iiii1;,,....,:::;i11tt111tt11tffftttttttt1tttttttt
t11ttffffftttffffffttttfffttffttttft1111111111;;;;;;;it;,...........,:it111ttt1tffftttttfft11ttfffff
tt1ttfffftt1ttfffft111tffttfttttttt1111t1i;:;11i1i;;1t1:,,............,itt11tt1tfftt1tfffffft1tffLLf
tfttttfttttt11tttt1ttt11ttttttftt111111i:,..:1111iii11;,...............;tt111t11ttttttttffttt11ffLLf
tfftttttttfftttttttffftt111ttffftt11i;,.,...,iiii;;;;:,,...............:1ttt1111ttfffttttft1tt1ttfft
ttttttttttttttt11ttttttttttfffffft1:,..........::::::,,,...............,1ttttt11ttfffffttttffftttttt
tfffttttffffftt11ttttttttttfffffft1:...........:;::;:..................,1tttttt1ttfffffttttttttftttf
tfffttttfffffft1ttftttfftttttffft11:...........,:::::..................,1tttft11tfffffffttfffffffttf
tfffttttffffff11tttttttttttttttttt1;...........,::::,...................;t1t1111tfffffLfttfffffffttf
tfffttttfftttt11tttttttt1tfftttttt1:...........,::::,...... ............,1111tt11fffffLftttffttffttf
tttttttttttttt11tttttttt1tffftttft1:...........,:::,,....................it1ttt11tfffffftttffttffttt
ttttt1tttttttt11ttttttttttffttttttt:...........,::,,.....................:111tt11tttttttt1tttttttttt
ttttt1tttttttt11tftttttftttttttttt1;,:;:.......,:,,,....................,,1111t11ttttttt11ttttttfttt
1tttt1ttfffttt11ttffffffttttfffft11ii1i:.......,:,,,.....................,1tt1111ttttttt111tttttfttt
1ttt11tttttttt11tttttttttttttttttti;;;;:.......,:,,,....... .............,itt1111tttt11t111ttttttt1t
111111tttttttt11111111ttttttttttt1i;;;;:.......,:,,,......................itt11111111111111111111111
1111111111111111111111ttttttttttt1;;;;;:...... ,:,,,,.....................itt11t11111111111111111111
1111111111111111111111tttttttttt1;:,::;,...... ,:...,.....................ittttt11111111111111111111
111111111111111111111111tttttttt1i,.....  .... .:........................,i1tttt11111111111111111111
1111111111111111111111111t11t11111;,....,,.... ,:::,,,...................,11ttttt11t1111111t11111111
11111111111111111111111111111111111iiiiii. ... .::::::,..................,11t1ttt111t11111tttttt1111
1111111111111111111111111111111111111111:.,.....::::::,..................:111tttttt1tttt11tttttt1111
1111111111111111111111111111111111111111:::,...,::::;::,..,,.............:11tt1ttttttttttttttttt1111
~~~~~~ Hypixel SkyBlock Recreate  -  Made by fan87 ~~~~~~
[11:51:12] [Server thread/WARN]: SLF4J: Failed to load class "org.slf4j.impl.StaticLoggerBinder".
[11:51:12] [Server thread/WARN]: SLF4J: Defaulting to no-operation (NOP) logger implementation
[11:51:12] [Server thread/WARN]: SLF4J: See http://www.slf4j.org/codes.html#StaticLoggerBinder for further details.
[11:51:13] [Server thread/INFO]: Server permissions file permissions.yml is empty, ignoring it
[11:51:13] [Server thread/INFO]: CONSOLE: [0;32;1mReload complete.[m
[11:51:13] [packetevents-update-check-thread/INFO]: [packetevents] You are on a dev or pre released build of PacketEvents. Your build: (1.7.9.17) | Latest released build: (1.7.9)
[11:51:18] [Server thread/INFO]: [NBTAPI] Found Spigot: v1_8_R3! Trying to find NMS support
[11:51:18] [Server thread/INFO]: [NBTAPI] NMS support 'MC1_8_R3' loaded!
[11:51:18] [Server thread/INFO]: [NBTAPI] Found Gson: class com.google.gson.Gson
[11:51:18] [Server thread/WARN]: #########################################- NBTAPI -#########################################
[11:51:18] [Server thread/WARN]: The NBT-API package has not been moved! This *will* cause problems with other plugins containing
[11:51:18] [Server thread/WARN]: a different version of the api! Please read the guide on the plugin page on how to get the
[11:51:18] [Server thread/WARN]: Maven Shade plugin to relocate the api to your personal location! If you are not the developer,
[11:51:18] [Server thread/WARN]: please check your plugins and contact their developer, so he can fix this issue.
[11:51:18] [Server thread/WARN]: #########################################- NBTAPI -#########################################
[11:51:18] [Thread-15/INFO]: [NBTAPI] The NBT-API seems to be up-to-date!
