#
# A fatal error has been detected by the Java Runtime Environment:
#
#  SIGSEGV (0xb) at pc=0x00007ff11df985f2, pid=241635, tid=0x00007ff1276f5640
#
# JRE version: Java(TM) SE Runtime Environment (8.0_301-b09) (build 1.8.0_301-b09)
# Java VM: Java HotSpot(TM) 64-Bit Server VM (25.301-b09 mixed mode linux-amd64 compressed oops)
# Problematic frame:
# C  [libimgui-java64.so+0x1145f2]  ImGui::SetNextWindowPos(ImVec2 const&, int, ImVec2 const&)+0x12
#
# Failed to write core dump. Core dumps have been disabled. To enable core dumping, try "ulimit -c unlimited" before starting Java again
#
# If you would like to submit a bug report, please visit:
#   http://bugreport.java.com/bugreport/crash.jsp
# The crash happened outside the Java Virtual Machine in native code.
# See problematic frame for where to report the bug.
#

---------------  T H R E A D  ---------------

Current thread (0x00007ff0b9989000):  JavaThread "Thread-9" [_thread_in_native, id=241693, stack(0x00007ff1275f5000,0x00007ff1276f6000)]

siginfo: si_signo: 11 (SIGSEGV), si_code: 1 (SEGV_MAPERR), si_addr: 0xffffffff9776374b

Registers:
RAX=0x00007ff098754f50, RBX=0xffffffff97763733, RCX=0x0000000000000000, RDX=0x00007ff1276f45a8
RSP=0x00007ff1276f4598, RBP=0x00007ff1276f45a8, RSI=0x0000000000000000, RDI=0xffffffff9776374b
R8 =0x0000000000000000, R9 =0x0000000000000007, R10=0x00007ff11deb5ba2, R11=0x00007ff11df985e0
R12=0x0000000000000000, R13=0x0000000000000000, R14=0x0000000000000000, R15=0x00007ff1276f45b0
RIP=0x00007ff11df985f2, EFLAGS=0x0000000000010246, CSGSFS=0x002b000000000033, ERR=0x0000000000000005
  TRAPNO=0x000000000000000e

Top of Stack: (sp=0x00007ff1276f4598)
0x00007ff1276f4598:   00007ff11dfb9e35 00007ff1276f4600
0x00007ff1276f45a8:   0000000000000000 00007ff0b9989000
0x00007ff1276f45b8:   00007ff0b9989000 00007ff1276f4600
0x00007ff1276f45c8:   00007ff0b9989000 00007ff11eca69f8
0x00007ff1276f45d8:   66e17a4f2b801d00 00007ff11eca69f8
0x00007ff1276f45e8:   00007ff11eca69f8 00007ff1276f4688
0x00007ff1276f45f8:   0000000000000000 00007ff11eca69f8
0x00007ff1276f4608:   00007ff1276f46c8 00007ff0b9989000
0x00007ff1276f4618:   00007ff13d020b08 00007ff11eca69f8
0x00007ff1276f4628:   00007ff1276f46c8 00007ff1276f4688
0x00007ff1276f4638:   00007ff13d020587 00007ff13d020542
0x00007ff1276f4648:   00007ff1276f4648 00007ff11eca69f8
0x00007ff1276f4658:   00007ff1276f46c8 00007ff11ecaeff0
0x00007ff1276f4668:   0000000000000000 00007ff11eca69f8
0x00007ff1276f4678:   0000000000000000 00007ff1276f46a8
0x00007ff1276f4688:   00007ff1276f4710 00007ff13d007da0
0x00007ff1276f4698:   000000076e1743a0 00007ff13d016d36
0x00007ff1276f46a8:   0000000000000000 00007ff1276f4710
0x00007ff1276f46b8:   0000000000000000 ffffffff97763733
0x00007ff1276f46c8:   000000076e28e118 00007ff1276f46d0
0x00007ff1276f46d8:   00007ff11eca67de 00007ff1276f4720
0x00007ff1276f46e8:   00007ff11ecaeff0 0000000000000000
0x00007ff1276f46f8:   00007ff11eca67f8 00007ff1276f46a8
0x00007ff1276f4708:   00007ff1276f4720 00007ff1276f4768
0x00007ff1276f4718:   00007ff13d007da0 000000076e28e118
0x00007ff1276f4728:   00007ff1276f4728 00007ff126d84d9d
0x00007ff1276f4738:   00007ff1276f4788 00007ff126d86fc8
0x00007ff1276f4748:   0000000000000000 00007ff126d84ed8
0x00007ff1276f4758:   00007ff1276f4720 00007ff1276f4788
0x00007ff1276f4768:   00007ff1276f47d0 00007ff13d00835d
0x00007ff1276f4778:   0000000000000000 000000076e28e118
0x00007ff1276f4788:   00000006c43a7380 00007ff1276f4790 

Instructions: (pc=0x00007ff11df985f2)
0x00007ff11df985d2:   c4 08 5b 41 5c c3 0f 1f 84 00 00 00 00 00 f3 0f
0x00007ff11df985e2:   1e fa 48 8b 05 75 96 3d 00 48 8b 00 85 f6 75 2e
0x00007ff11df985f2:   48 8b 0f be 01 00 00 00 83 88 00 1e 00 00 01 48
0x00007ff11df98602:   89 88 14 1e 00 00 48 8b 12 89 b0 04 1e 00 00 48 

Register to memory mapping:

RAX=0x00007ff098754f50 is an unknown value
RBX=0xffffffff97763733 is an unknown value
RCX=0x0000000000000000 is an unknown value
RDX=0x00007ff1276f45a8 is pointing into the stack for thread: 0x00007ff0b9989000
RSP=0x00007ff1276f4598 is pointing into the stack for thread: 0x00007ff0b9989000
RBP=0x00007ff1276f45a8 is pointing into the stack for thread: 0x00007ff0b9989000
RSI=0x0000000000000000 is an unknown value
RDI=0xffffffff9776374b is an unknown value
R8 =0x0000000000000000 is an unknown value
R9 =0x0000000000000007 is an unknown value
R10=0x00007ff11deb5ba2: <offset 0x31ba2> in /tmp/imgui-java-natives_1637992537790/libimgui-java64.so at 0x00007ff11de84000
R11=0x00007ff11df985e0: _ZN5ImGui16SetNextWindowPosERK6ImVec2iS2_+0 in /tmp/imgui-java-natives_1637992537790/libimgui-java64.so at 0x00007ff11de84000
R12=0x0000000000000000 is an unknown value
R13=0x0000000000000000 is an unknown value
R14=0x0000000000000000 is an unknown value
R15=0x00007ff1276f45b0 is pointing into the stack for thread: 0x00007ff0b9989000


Stack: [0x00007ff1275f5000,0x00007ff1276f6000],  sp=0x00007ff1276f4598,  free space=1021k
Native frames: (J=compiled Java code, j=interpreted, Vv=VM code, C=native code)
C  [libimgui-java64.so+0x1145f2]  ImGui::SetNextWindowPos(ImVec2 const&, int, ImVec2 const&)+0x12
C  0x00007ff0b9989000

Java frames: (J=compiled Java code, j=interpreted, Vv=VM code)
j  imgui.ImGui.nDockSpaceOverViewport(JIJ)I+0
j  imgui.ImGui.dockSpaceOverViewport(Limgui/ImGuiViewport;)I+6
j  me.fan87.commonplugin.debug.impl.DebugSkyBlock.process()V+21
j  imgui.app.Window.runFrame()V+9
j  imgui.app.Window.run()V+11
j  imgui.app.Application.launch(Limgui/app/Application;)V+9
j  me.fan87.commonplugin.debug.DebugGuiManager.lambda$registerGui$0(Lme/fan87/commonplugin/debug/DebugGui;)V+1
j  me.fan87.commonplugin.debug.DebugGuiManager$$Lambda$18.run()V+4
j  java.lang.Thread.run()V+11
v  ~StubRoutines::call_stub

---------------  P R O C E S S  ---------------

Java Threads: ( => current thread )
  0x00007ff0b8bec800 JavaThread "ForkJoinPool.commonPool-worker-1" daemon [_thread_blocked, id=241696, stack(0x00007ff11f1ae000,0x00007ff11f2af000)]
  0x00007ff0b9a96000 JavaThread "bStats-Metrics" [_thread_blocked, id=241695, stack(0x00007ff11fb06000,0x00007ff11fc07000)]
  0x00007ff0b95cd000 JavaThread "packetevents-update-check-thread" [_thread_in_native, id=241694, stack(0x00007ff11fc5a000,0x00007ff11fd5b000)]
=>0x00007ff0b9989000 JavaThread "Thread-9" [_thread_in_native, id=241693, stack(0x00007ff1275f5000,0x00007ff1276f6000)]
  0x00007ff0b9aae000 JavaThread "Timer-0" [_thread_blocked, id=241692, stack(0x00007ff127390000,0x00007ff127491000)]
  0x00007ff0f000d000 JavaThread "Keep-Alive-Timer" daemon [_thread_blocked, id=241688, stack(0x00007ff1276f6000,0x00007ff1277f7000)]
  0x00007ff0b8119000 JavaThread "Netty Epoll Server IO #0" daemon [_thread_in_native, id=241687, stack(0x00007ff127bf7000,0x00007ff127cf8000)]
  0x00007ff0b80cd000 JavaThread "Spigot Metrics Thread" daemon [_thread_blocked, id=241684, stack(0x00007ff127eff000,0x00007ff128000000)]
  0x00007ff0b80c8800 JavaThread "Spigot Watchdog Thread" [_thread_blocked, id=241683, stack(0x00007ff12c2f8000,0x00007ff12c3f9000)]
  0x00007ff0b8007800 JavaThread "Server console handler" daemon [_thread_in_native, id=241681, stack(0x00007ff12c3f9000,0x00007ff12c4fa000)]
  0x00007ff0b8007000 JavaThread "Thread-5" [_thread_blocked, id=241680, stack(0x00007ff12c4fa000,0x00007ff12c5fb000)]
  0x00007ff14c00d800 JavaThread "DestroyJavaVM" [_thread_blocked, id=241636, stack(0x00007ff152dc1000,0x00007ff152ec1000)]
  0x00007ff14c71b000 JavaThread "Server thread" [_thread_blocked, id=241679, stack(0x00007ff12c5fb000,0x00007ff12c6fc000)]
  0x00007ff14c78b000 JavaThread "Server Infinisleeper" daemon [_thread_blocked, id=241678, stack(0x00007ff12c6fc000,0x00007ff12c7fd000)]
  0x00007ff14c6ff000 JavaThread "NonBlockingInputStreamThread" daemon [_thread_blocked, id=241677, stack(0x00007ff12c7fd000,0x00007ff12c8fe000)]
  0x00007ff14c66c000 JavaThread "Snooper Timer" daemon [_thread_blocked, id=241666, stack(0x00007ff12cafe000,0x00007ff12cbff000)]
  0x00007ff14c3bb000 JavaThread "process reaper" daemon [_thread_blocked, id=241658, stack(0x00007ff13c03f000,0x00007ff13c078000)]
  0x00007ff14c22f000 JavaThread "Service Thread" daemon [_thread_blocked, id=241655, stack(0x00007ff134ef9000,0x00007ff134ffa000)]
  0x00007ff14c223800 JavaThread "C1 CompilerThread3" daemon [_thread_blocked, id=241654, stack(0x00007ff134ffb000,0x00007ff1350fb000)]
  0x00007ff14c221800 JavaThread "C2 CompilerThread2" daemon [_thread_in_native, id=241653, stack(0x00007ff1350fc000,0x00007ff1351fc000)]
  0x00007ff14c220000 JavaThread "C2 CompilerThread1" daemon [_thread_in_native, id=241652, stack(0x00007ff1351fd000,0x00007ff1352fd000)]
  0x00007ff14c21d000 JavaThread "C2 CompilerThread0" daemon [_thread_in_native, id=241651, stack(0x00007ff1352fe000,0x00007ff1353fe000)]
  0x00007ff14c21a800 JavaThread "JDWP Event Helper Thread" daemon [_thread_blocked, id=241650, stack(0x00007ff1353fe000,0x00007ff1354ff000)]
  0x00007ff14c217000 JavaThread "JDWP Transport Listener: dt_socket" daemon [_thread_in_native, id=241649, stack(0x00007ff1354ff000,0x00007ff135600000)]
  0x00007ff14c20b000 JavaThread "Signal Dispatcher" daemon [_thread_blocked, id=241648, stack(0x00007ff135805000,0x00007ff135906000)]
  0x00007ff14c1d9800 JavaThread "Finalizer" daemon [_thread_blocked, id=241647, stack(0x00007ff135906000,0x00007ff135a07000)]
  0x00007ff14c1d5000 JavaThread "Reference Handler" daemon [_thread_blocked, id=241646, stack(0x00007ff135a07000,0x00007ff135b08000)]

Other Threads:
  0x00007ff14c1cb000 VMThread [stack: 0x00007ff135b09000,0x00007ff135c09000] [id=241645]
  0x00007ff14c234000 WatcherThread [stack: 0x00007ff134df9000,0x00007ff134ef9000] [id=241656]

VM state:not at safepoint (normal execution)

VM Mutex/Monitor currently owned by a thread: None

heap address: 0x00000006c0000000, size: 4096 MB, Compressed Oops mode: Zero based, Oop shift amount: 3
Narrow klass base: 0x0000000000000000, Narrow klass shift: 3
Compressed class space size: 1073741824 Address: 0x00000007c0000000

Heap:
 PSYoungGen      total 271360K, used 63011K [0x000000076ab00000, 0x0000000781400000, 0x00000007c0000000)
  eden space 239616K, 23% used [0x000000076ab00000,0x000000076e2e2eb0,0x0000000779500000)
  from space 31744K, 18% used [0x0000000779500000,0x0000000779aa6048,0x000000077b400000)
  to   space 48640K, 0% used [0x000000077e480000,0x000000077e480000,0x0000000781400000)
 ParOldGen       total 186368K, used 88919K [0x00000006c0000000, 0x00000006cb600000, 0x000000076ab00000)
  object space 186368K, 47% used [0x00000006c0000000,0x00000006c56d5cc0,0x00000006cb600000)
 Metaspace       used 40777K, capacity 41515K, committed 41816K, reserved 1085440K
  class space    used 5010K, capacity 5217K, committed 5248K, reserved 1048576K

Card table byte_map: [0x00007ff15085c000,0x00007ff15105d000] byte_map_base: 0x00007ff14d25c000

Marking Bits: (ParMarkBitMap*) 0x00007ff153fe91c0
 Begin Bits: [0x00007ff108000000, 0x00007ff10c000000)
 End Bits:   [0x00007ff10c000000, 0x00007ff110000000)

Polling page: 0x00007ff15445a000

CodeCache: size=245760Kb used=10616Kb max_used=10631Kb free=235143Kb
 bounds [0x00007ff13d000000, 0x00007ff13da80000, 0x00007ff14c000000]
 total_blobs=4570 nmethods=3254 adapters=1237
 compilation: enabled

Compilation events (10 events):
Event: 5.880 Thread 0x00007ff14c223800 nmethod 3834 0x00007ff13da69550 code [0x00007ff13da696c0, 0x00007ff13da69870]
Event: 5.889 Thread 0x00007ff14c220000 3836       4       jdk.internal.org.objectweb.asm.Item::<init> (66 bytes)
Event: 5.890 Thread 0x00007ff14c220000 nmethod 3836 0x00007ff13da6c5d0 code [0x00007ff13da6c720, 0x00007ff13da6c818]
Event: 5.894 Thread 0x00007ff14c223800 3837       3       gnu.trove.impl.hash.THashPrimitiveIterator::nextIndex (54 bytes)
Event: 5.895 Thread 0x00007ff14c223800 nmethod 3837 0x00007ff13da6a910 code [0x00007ff13da6aaa0, 0x00007ff13da6aea8]
Event: 5.895 Thread 0x00007ff14c21d000 nmethod 3828 0x00007ff13da6f810 code [0x00007ff13da6faa0, 0x00007ff13da71260]
Event: 5.895 Thread 0x00007ff14c21d000 3841       4       net.minecraft.server.v1_8_R3.World::getType (132 bytes)
Event: 5.896 Thread 0x00007ff14c220000 3840       4       net.minecraft.server.v1_8_R3.World::getType (7 bytes)
Event: 5.896 Thread 0x00007ff14c223800 3842       3       gnu.trove.impl.hash.TIntHash::index (72 bytes)
Event: 5.896 Thread 0x00007ff14c223800 nmethod 3842 0x00007ff13da6a190 code [0x00007ff13da6a320, 0x00007ff13da6a708]

GC Heap History (10 events):
Event: 3.356 GC heap before
{Heap before GC invocations=7 (full 0):
 PSYoungGen      total 141824K, used 81396K [0x000000076ab00000, 0x0000000774a00000, 0x00000007c0000000)
  eden space 130048K, 53% used [0x000000076ab00000,0x000000076eefd3d8,0x0000000772a00000)
  from space 11776K, 100% used [0x0000000773880000,0x0000000774400000,0x0000000774400000)
  to   space 14848K, 0% used [0x0000000772a00000,0x0000000772a00000,0x0000000773880000)
 ParOldGen       total 87552K, used 15703K [0x00000006c0000000, 0x00000006c5580000, 0x000000076ab00000)
  object space 87552K, 17% used [0x00000006c0000000,0x00000006c0f55e60,0x00000006c5580000)
 Metaspace       used 20906K, capacity 21120K, committed 21248K, reserved 1067008K
  class space    used 2713K, capacity 2806K, committed 2816K, reserved 1048576K
Event: 3.369 GC heap after
Heap after GC invocations=7 (full 0):
 PSYoungGen      total 144896K, used 14832K [0x000000076ab00000, 0x000000077d300000, 0x00000007c0000000)
  eden space 130048K, 0% used [0x000000076ab00000,0x000000076ab00000,0x0000000772a00000)
  from space 14848K, 99% used [0x0000000772a00000,0x000000077387c060,0x0000000773880000)
  to   space 21504K, 0% used [0x000000077be00000,0x000000077be00000,0x000000077d300000)
 ParOldGen       total 87552K, used 24610K [0x00000006c0000000, 0x00000006c5580000, 0x000000076ab00000)
  object space 87552K, 28% used [0x00000006c0000000,0x00000006c1808b08,0x00000006c5580000)
 Metaspace       used 20906K, capacity 21120K, committed 21248K, reserved 1067008K
  class space    used 2713K, capacity 2806K, committed 2816K, reserved 1048576K
}
Event: 3.369 GC heap before
{Heap before GC invocations=8 (full 1):
 PSYoungGen      total 144896K, used 14832K [0x000000076ab00000, 0x000000077d300000, 0x00000007c0000000)
  eden space 130048K, 0% used [0x000000076ab00000,0x000000076ab00000,0x0000000772a00000)
  from space 14848K, 99% used [0x0000000772a00000,0x000000077387c060,0x0000000773880000)
  to   space 21504K, 0% used [0x000000077be00000,0x000000077be00000,0x000000077d300000)
 ParOldGen       total 87552K, used 24610K [0x00000006c0000000, 0x00000006c5580000, 0x000000076ab00000)
  object space 87552K, 28% used [0x00000006c0000000,0x00000006c1808b08,0x00000006c5580000)
 Metaspace       used 20906K, capacity 21120K, committed 21248K, reserved 1067008K
  class space    used 2713K, capacity 2806K, committed 2816K, reserved 1048576K
Event: 3.457 GC heap after
Heap after GC invocations=8 (full 1):
 PSYoungGen      total 144896K, used 0K [0x000000076ab00000, 0x000000077d300000, 0x00000007c0000000)
  eden space 130048K, 0% used [0x000000076ab00000,0x000000076ab00000,0x0000000772a00000)
  from space 14848K, 0% used [0x0000000772a00000,0x0000000772a00000,0x0000000773880000)
  to   space 21504K, 0% used [0x000000077be00000,0x000000077be00000,0x000000077d300000)
 ParOldGen       total 89088K, used 34256K [0x00000006c0000000, 0x00000006c5700000, 0x000000076ab00000)
  object space 89088K, 38% used [0x00000006c0000000,0x00000006c21740c0,0x00000006c5700000)
 Metaspace       used 20906K, capacity 21120K, committed 21248K, reserved 1067008K
  class space    used 2713K, capacity 2806K, committed 2816K, reserved 1048576K
}
Event: 4.474 GC heap before
{Heap before GC invocations=9 (full 1):
 PSYoungGen      total 144896K, used 130048K [0x000000076ab00000, 0x000000077d300000, 0x00000007c0000000)
  eden space 130048K, 100% used [0x000000076ab00000,0x0000000772a00000,0x0000000772a00000)
  from space 14848K, 0% used [0x0000000772a00000,0x0000000772a00000,0x0000000773880000)
  to   space 21504K, 0% used [0x000000077be00000,0x000000077be00000,0x000000077d300000)
 ParOldGen       total 89088K, used 34256K [0x00000006c0000000, 0x00000006c5700000, 0x000000076ab00000)
  object space 89088K, 38% used [0x00000006c0000000,0x00000006c21740c0,0x00000006c5700000)
 Metaspace       used 27172K, capacity 27480K, committed 27904K, reserved 1073152K
  class space    used 3649K, capacity 3750K, committed 3840K, reserved 1048576K
Event: 4.483 GC heap after
Heap after GC invocations=9 (full 1):
 PSYoungGen      total 226816K, used 21503K [0x000000076ab00000, 0x000000077d300000, 0x00000007c0000000)
  eden space 205312K, 0% used [0x000000076ab00000,0x000000076ab00000,0x0000000777380000)
  from space 21504K, 99% used [0x000000077be00000,0x000000077d2fff10,0x000000077d300000)
  to   space 31744K, 0% used [0x0000000779500000,0x0000000779500000,0x000000077b400000)
 ParOldGen       total 89088K, used 49653K [0x00000006c0000000, 0x00000006c5700000, 0x000000076ab00000)
  object space 89088K, 55% used [0x00000006c0000000,0x00000006c307d738,0x00000006c5700000)
 Metaspace       used 27172K, capacity 27480K, committed 27904K, reserved 1073152K
  class space    used 3649K, capacity 3750K, committed 3840K, reserved 1048576K
}
Event: 5.373 GC heap before
{Heap before GC invocations=10 (full 1):
 PSYoungGen      total 226816K, used 165645K [0x000000076ab00000, 0x000000077d300000, 0x00000007c0000000)
  eden space 205312K, 70% used [0x000000076ab00000,0x00000007737c3738,0x0000000777380000)
  from space 21504K, 99% used [0x000000077be00000,0x000000077d2fff10,0x000000077d300000)
  to   space 31744K, 0% used [0x0000000779500000,0x0000000779500000,0x000000077b400000)
 ParOldGen       total 89088K, used 49653K [0x00000006c0000000, 0x00000006c5700000, 0x000000076ab00000)
  object space 89088K, 55% used [0x00000006c0000000,0x00000006c307d738,0x00000006c5700000)
 Metaspace       used 34786K, capacity 35301K, committed 35416K, reserved 1079296K
  class space    used 4530K, capacity 4659K, committed 4736K, reserved 1048576K
Event: 5.389 GC heap after
Heap after GC invocations=10 (full 1):
 PSYoungGen      total 271360K, used 31713K [0x000000076ab00000, 0x0000000781400000, 0x00000007c0000000)
  eden space 239616K, 0% used [0x000000076ab00000,0x000000076ab00000,0x0000000779500000)
  from space 31744K, 99% used [0x0000000779500000,0x000000077b3f85d0,0x000000077b400000)
  to   space 48640K, 0% used [0x000000077e480000,0x000000077e480000,0x0000000781400000)
 ParOldGen       total 89088K, used 78059K [0x00000006c0000000, 0x00000006c5700000, 0x000000076ab00000)
  object space 89088K, 87% used [0x00000006c0000000,0x00000006c4c3ac28,0x00000006c5700000)
 Metaspace       used 34786K, capacity 35301K, committed 35416K, reserved 1079296K
  class space    used 4530K, capacity 4659K, committed 4736K, reserved 1048576K
}
Event: 5.389 GC heap before
{Heap before GC invocations=11 (full 2):
 PSYoungGen      total 271360K, used 31713K [0x000000076ab00000, 0x0000000781400000, 0x00000007c0000000)
  eden space 239616K, 0% used [0x000000076ab00000,0x000000076ab00000,0x0000000779500000)
  from space 31744K, 99% used [0x0000000779500000,0x000000077b3f85d0,0x000000077b400000)
  to   space 48640K, 0% used [0x000000077e480000,0x000000077e480000,0x0000000781400000)
 ParOldGen       total 89088K, used 78059K [0x00000006c0000000, 0x00000006c5700000, 0x000000076ab00000)
  object space 89088K, 87% used [0x00000006c0000000,0x00000006c4c3ac28,0x00000006c5700000)
 Metaspace       used 34786K, capacity 35301K, committed 35416K, reserved 1079296K
  class space    used 4530K, capacity 4659K, committed 4736K, reserved 1048576K
Event: 5.567 GC heap after
Heap after GC invocations=11 (full 2):
 PSYoungGen      total 271360K, used 5784K [0x000000076ab00000, 0x0000000781400000, 0x00000007c0000000)
  eden space 239616K, 0% used [0x000000076ab00000,0x000000076ab00000,0x0000000779500000)
  from space 31744K, 18% used [0x0000000779500000,0x0000000779aa6048,0x000000077b400000)
  to   space 48640K, 0% used [0x000000077e480000,0x000000077e480000,0x0000000781400000)
 ParOldGen       total 186368K, used 88919K [0x00000006c0000000, 0x00000006cb600000, 0x000000076ab00000)
  object space 186368K, 47% used [0x00000006c0000000,0x00000006c56d5cc0,0x00000006cb600000)
 Metaspace       used 34786K, capacity 35301K, committed 35416K, reserved 1079296K
  class space    used 4530K, capacity 4659K, committed 4736K, reserved 1048576K
}

Deoptimization events (10 events):
Event: 5.665 Thread 0x00007ff0b95cd000 Uncommon trap: reason=unstable_if action=reinterpret pc=0x00007ff13da08584 method=java.util.jar.JarFile.getInputStream(Ljava/util/zip/ZipEntry;)Ljava/io/InputStream; @ 8
Event: 5.696 Thread 0x00007ff14c71b000 Uncommon trap: reason=bimorphic action=maybe_recompile pc=0x00007ff13d77bbe8 method=java.util.stream.ReferencePipeline$2$1.accept(Ljava/lang/Object;)V @ 8
Event: 5.696 Thread 0x00007ff14c71b000 Uncommon trap: reason=bimorphic action=maybe_recompile pc=0x00007ff13d77bbe8 method=java.util.stream.ReferencePipeline$2$1.accept(Ljava/lang/Object;)V @ 8
Event: 5.696 Thread 0x00007ff14c71b000 Uncommon trap: reason=bimorphic action=maybe_recompile pc=0x00007ff13d77bbe8 method=java.util.stream.ReferencePipeline$2$1.accept(Ljava/lang/Object;)V @ 8
Event: 5.696 Thread 0x00007ff14c71b000 Uncommon trap: reason=bimorphic action=maybe_recompile pc=0x00007ff13d77bbe8 method=java.util.stream.ReferencePipeline$2$1.accept(Ljava/lang/Object;)V @ 8
Event: 5.714 Thread 0x00007ff0b95cd000 Uncommon trap: reason=unstable_if action=reinterpret pc=0x00007ff13d839080 method=java.io.BufferedInputStream.read([BII)I @ 31
Event: 5.715 Thread 0x00007ff14c71b000 Uncommon trap: reason=bimorphic action=maybe_recompile pc=0x00007ff13d63a3d0 method=java.util.stream.ReferencePipeline$3$1.accept(Ljava/lang/Object;)V @ 17
Event: 5.722 Thread 0x00007ff14c71b000 Uncommon trap: reason=bimorphic action=maybe_recompile pc=0x00007ff13d63a3d0 method=java.util.stream.ReferencePipeline$3$1.accept(Ljava/lang/Object;)V @ 17
Event: 5.722 Thread 0x00007ff14c71b000 Uncommon trap: reason=bimorphic action=maybe_recompile pc=0x00007ff13d63a3d0 method=java.util.stream.ReferencePipeline$3$1.accept(Ljava/lang/Object;)V @ 17
Event: 5.722 Thread 0x00007ff14c71b000 Uncommon trap: reason=bimorphic action=maybe_recompile pc=0x00007ff13d63a3d0 method=java.util.stream.ReferencePipeline$3$1.accept(Ljava/lang/Object;)V @ 17

Classes redefined (0 events):
No events

Internal exceptions (10 events):
Event: 5.713 Thread 0x00007ff14c71b000 Exception <a 'java/lang/IncompatibleClassChangeError': Found class java.lang.Object, but interface was expected> (0x000000076d2394d0) thrown at [/scratch/jenkins/workspace/8-2-build-linux-amd64/jdk8u301/1513/hotspot/src/share/vm/interpreter/linkResolver.c
Event: 5.715 Thread 0x00007ff14c71b000 Exception <a 'java/lang/NoSuchMethodError': java.lang.Object.lambda$set$2(Ljava/util/Collection;Lorg/reflections/Store;)Ljava/util/Set;> (0x000000076d2400a0) thrown at [/scratch/jenkins/workspace/8-2-build-linux-amd64/jdk8u301/1513/hotspot/src/share/vm/in
Event: 5.715 Thread 0x00007ff14c71b000 Exception <a 'java/lang/IncompatibleClassChangeError': Found class java.lang.Object, but interface was expected> (0x000000076d243c00) thrown at [/scratch/jenkins/workspace/8-2-build-linux-amd64/jdk8u301/1513/hotspot/src/share/vm/interpreter/linkResolver.c
Event: 5.716 Thread 0x00007ff14c71b000 Exception <a 'java/lang/NoSuchMethodError': java.lang.Object.lambda$getAll$7(Ljava/lang/Object;)Ljava/lang/Object;> (0x000000076d2479b8) thrown at [/scratch/jenkins/workspace/8-2-build-linux-amd64/jdk8u301/1513/hotspot/src/share/vm/interpreter/linkResolve
Event: 5.716 Thread 0x00007ff14c71b000 Exception <a 'java/lang/NoSuchMethodError': java.lang.Object.lambda$getAll$8(Ljava/util/function/Function;Ljava/util/function/Function;Ljava/lang/Object;)Ljava/util/Set;> (0x000000076d249dd0) thrown at [/scratch/jenkins/workspace/8-2-build-linux-amd64/jdk
Event: 5.717 Thread 0x00007ff14c71b000 Exception <a 'java/lang/NoSuchMethodError': java.lang.Object.lambda$as$12(Ljava/lang/Class;[Ljava/lang/ClassLoader;Ljava/lang/Object;)Ljava/util/Set;> (0x000000076d24fd38) thrown at [/scratch/jenkins/workspace/8-2-build-linux-amd64/jdk8u301/1513/hotspot/s
Event: 5.717 Thread 0x00007ff14c71b000 Exception <a 'java/lang/NoSuchMethodError': java.lang.Object.lambda$get$0(Ljava/lang/String;Lorg/reflections/Store;)Ljava/util/Set;> (0x000000076d2543f8) thrown at [/scratch/jenkins/workspace/8-2-build-linux-amd64/jdk8u301/1513/hotspot/src/share/vm/interp
Event: 5.720 Thread 0x00007ff14c71b000 Exception <a 'java/lang/NoSuchMethodError': java.lang.Object.lambda$null$11(Ljava/lang/Class;Ljava/util/Set;[Ljava/lang/ClassLoader;Ljava/lang/Object;)Ljava/util/Set;> (0x000000076d26a298) thrown at [/scratch/jenkins/workspace/8-2-build-linux-amd64/jdk8u3
Event: 5.720 Thread 0x00007ff14c71b000 Exception <a 'java/lang/NoSuchMethodError': java.lang.Object.lambda$forNames$2(Ljava/lang/Class;[Ljava/lang/ClassLoader;Ljava/lang/String;)Ljava/lang/Object;> (0x000000076d271bb8) thrown at [/scratch/jenkins/workspace/8-2-build-linux-amd64/jdk8u301/1513/h
Event: 5.833 Thread 0x00007ff0b9989000 Exception <a 'sun/nio/fs/UnixException'> (0x000000076e179fe8) thrown at [/scratch/jenkins/workspace/8-2-build-linux-amd64/jdk8u301/1513/hotspot/src/share/vm/prims/jni.cpp, line 710]

Events (10 events):
Event: 5.893 loading class org/lwjgl/opengl/GL21C
Event: 5.893 loading class org/lwjgl/opengl/GL21C done
Event: 5.893 Thread 0x00007ff0b9989000 DEOPT PACKING pc=0x00007ff13d72ff1c sp=0x00007ff1276f1440
Event: 5.893 Thread 0x00007ff0b9989000 DEOPT UNPACKING pc=0x00007ff13d047784 sp=0x00007ff1276f11e0 mode 1
Event: 5.893 Thread 0x00007ff0b9989000 DEOPT PACKING pc=0x00007ff13d730890 sp=0x00007ff1276f1530
Event: 5.893 Thread 0x00007ff0b9989000 DEOPT UNPACKING pc=0x00007ff13d047784 sp=0x00007ff1276f11a8 mode 1
Event: 5.893 Thread 0x00007ff0b9989000 DEOPT PACKING pc=0x00007ff13d8ff564 sp=0x00007ff1276f1350
Event: 5.893 Thread 0x00007ff0b9989000 DEOPT UNPACKING pc=0x00007ff13d047784 sp=0x00007ff1276f10e0 mode 1
Event: 5.893 Thread 0x00007ff0b9989000 DEOPT PACKING pc=0x00007ff13d953d94 sp=0x00007ff1276f13f0
Event: 5.893 Thread 0x00007ff0b9989000 DEOPT UNPACKING pc=0x00007ff13d047784 sp=0x00007ff1276f1140 mode 1


Dynamic libraries:
40876000-40925000 rw-p 00000000 00:00 0 
41e0b000-41e0d000 r-xs 00000000 00:01 10998                              /memfd:/.glXXXXXX (deleted)
6c0000000-6cb600000 rw-p 00000000 00:00 0 
6cb600000-76ab00000 ---p 00000000 00:00 0 
76ab00000-781400000 rw-p 00000000 00:00 0 
781400000-7c0000000 ---p 00000000 00:00 0 
7c0000000-7c0520000 rw-p 00000000 00:00 0 
7c0520000-800000000 ---p 00000000 00:00 0 
558f9ea00000-558f9ea01000 r-xp 00000000 103:03 4877433                   /usr/jre/bin/java
558f9ec00000-558f9ec01000 r--p 00000000 103:03 4877433                   /usr/jre/bin/java
558f9ec01000-558f9ec02000 rw-p 00001000 103:03 4877433                   /usr/jre/bin/java
558fa07d2000-558fa07f3000 rw-p 00000000 00:00 0                          [heap]
7ff090000000-7ff090021000 rw-p 00000000 00:00 0 
7ff090021000-7ff094000000 ---p 00000000 00:00 0 
7ff094000000-7ff094021000 rw-p 00000000 00:00 0 
7ff094021000-7ff098000000 ---p 00000000 00:00 0 
7ff098000000-7ff0987ef000 rw-p 00000000 00:00 0 
7ff0987ef000-7ff09c000000 ---p 00000000 00:00 0 
7ff09c000000-7ff09c0c1000 rw-p 00000000 00:00 0 
7ff09c0c1000-7ff0a0000000 ---p 00000000 00:00 0 
7ff0a0000000-7ff0a0021000 rw-p 00000000 00:00 0 
7ff0a0021000-7ff0a4000000 ---p 00000000 00:00 0 
7ff0a4000000-7ff0a4021000 rw-p 00000000 00:00 0 
7ff0a4021000-7ff0a8000000 ---p 00000000 00:00 0 
7ff0a8000000-7ff0a802a000 rw-p 00000000 00:00 0 
7ff0a802a000-7ff0ac000000 ---p 00000000 00:00 0 
7ff0ac000000-7ff0ac021000 rw-p 00000000 00:00 0 
7ff0ac021000-7ff0b0000000 ---p 00000000 00:00 0 
7ff0b0000000-7ff0b0021000 rw-p 00000000 00:00 0 
7ff0b0021000-7ff0b4000000 ---p 00000000 00:00 0 
7ff0b4000000-7ff0b4043000 rw-p 00000000 00:00 0 
7ff0b4043000-7ff0b8000000 ---p 00000000 00:00 0 
7ff0b8000000-7ff0b9e82000 rw-p 00000000 00:00 0 
7ff0b9e82000-7ff0bc000000 ---p 00000000 00:00 0 
7ff0bc000000-7ff0bc021000 rw-p 00000000 00:00 0 
7ff0bc021000-7ff0c0000000 ---p 00000000 00:00 0 
7ff0c0000000-7ff0c0021000 rw-p 00000000 00:00 0 
7ff0c0021000-7ff0c4000000 ---p 00000000 00:00 0 
7ff0c4000000-7ff0c4021000 rw-p 00000000 00:00 0 
7ff0c4021000-7ff0c8000000 ---p 00000000 00:00 0 
7ff0c8000000-7ff0c8021000 rw-p 00000000 00:00 0 
7ff0c8021000-7ff0cc000000 ---p 00000000 00:00 0 
7ff0cc000000-7ff0cc021000 rw-p 00000000 00:00 0 
7ff0cc021000-7ff0d0000000 ---p 00000000 00:00 0 
7ff0d0000000-7ff0d0021000 rw-p 00000000 00:00 0 
7ff0d0021000-7ff0d4000000 ---p 00000000 00:00 0 
7ff0d4000000-7ff0d4021000 rw-p 00000000 00:00 0 
7ff0d4021000-7ff0d8000000 ---p 00000000 00:00 0 
7ff0d8000000-7ff0d9783000 rw-p 00000000 00:00 0 
7ff0d9783000-7ff0dc000000 ---p 00000000 00:00 0 
7ff0dc000000-7ff0dcf1d000 rw-p 00000000 00:00 0 
7ff0dcf1d000-7ff0e0000000 ---p 00000000 00:00 0 
7ff0e0000000-7ff0e19f9000 rw-p 00000000 00:00 0 
7ff0e19f9000-7ff0e4000000 ---p 00000000 00:00 0 
7ff0e4000000-7ff0e7450000 rw-p 00000000 00:00 0 
7ff0e7450000-7ff0e8000000 ---p 00000000 00:00 0 
7ff0e8000000-7ff0e8021000 rw-p 00000000 00:00 0 
7ff0e8021000-7ff0ec000000 ---p 00000000 00:00 0 
7ff0ec000000-7ff0ec021000 rw-p 00000000 00:00 0 
7ff0ec021000-7ff0f0000000 ---p 00000000 00:00 0 
7ff0f0000000-7ff0f0024000 rw-p 00000000 00:00 0 
7ff0f0024000-7ff0f4000000 ---p 00000000 00:00 0 
7ff0f4000000-7ff0f4021000 rw-p 00000000 00:00 0 
7ff0f4021000-7ff0f8000000 ---p 00000000 00:00 0 
7ff0f8000000-7ff0f8021000 rw-p 00000000 00:00 0 
7ff0f8021000-7ff0fc000000 ---p 00000000 00:00 0 
7ff0fc000000-7ff0fc021000 rw-p 00000000 00:00 0 
7ff0fc021000-7ff100000000 ---p 00000000 00:00 0 
7ff100000000-7ff100021000 rw-p 00000000 00:00 0 
7ff100021000-7ff104000000 ---p 00000000 00:00 0 
7ff104000000-7ff104021000 rw-p 00000000 00:00 0 
7ff104021000-7ff108000000 ---p 00000000 00:00 0 
7ff108000000-7ff110000000 rw-p 00000000 00:00 0 
7ff110000000-7ff110021000 rw-p 00000000 00:00 0 
7ff110021000-7ff114000000 ---p 00000000 00:00 0 
7ff118000000-7ff118021000 rw-p 00000000 00:00 0 
7ff118021000-7ff11c000000 ---p 00000000 00:00 0 
7ff11dc78000-7ff11dd11000 r--p 00000000 103:03 10165                     /usr/lib/x86_64-linux-gnu/libstdc++.so.6.0.29
7ff11dd11000-7ff11de06000 r-xp 00099000 103:03 10165                     /usr/lib/x86_64-linux-gnu/libstdc++.so.6.0.29
7ff11de06000-7ff11de72000 r--p 0018e000 103:03 10165                     /usr/lib/x86_64-linux-gnu/libstdc++.so.6.0.29
7ff11de72000-7ff11de73000 ---p 001fa000 103:03 10165                     /usr/lib/x86_64-linux-gnu/libstdc++.so.6.0.29
7ff11de73000-7ff11de7e000 r--p 001fa000 103:03 10165                     /usr/lib/x86_64-linux-gnu/libstdc++.so.6.0.29
7ff11de7e000-7ff11de81000 rw-p 00205000 103:03 10165                     /usr/lib/x86_64-linux-gnu/libstdc++.so.6.0.29
7ff11de81000-7ff11de84000 rw-p 00000000 00:00 0 
7ff11de84000-7ff11df1b000 r--p 00000000 103:03 1206696                   /tmp/imgui-java-natives_1637992537790/libimgui-java64.so
7ff11df1b000-7ff11e2ea000 r-xp 00097000 103:03 1206696                   /tmp/imgui-java-natives_1637992537790/libimgui-java64.so
7ff11e2ea000-7ff11e36c000 r--p 00466000 103:03 1206696                   /tmp/imgui-java-natives_1637992537790/libimgui-java64.so
7ff11e36c000-7ff11e36d000 ---p 004e8000 103:03 1206696                   /tmp/imgui-java-natives_1637992537790/libimgui-java64.so
7ff11e36d000-7ff11e372000 r--p 004e8000 103:03 1206696                   /tmp/imgui-java-natives_1637992537790/libimgui-java64.so
7ff11e372000-7ff11e37e000 rw-p 004ed000 103:03 1206696                   /tmp/imgui-java-natives_1637992537790/libimgui-java64.so
7ff11e37e000-7ff11ed6e000 rw-p 00000000 00:00 0 
7ff11ed6e000-7ff11edae000 ---p 00000000 00:00 0 
7ff11edae000-7ff11efae000 rw-p 00000000 00:00 0 
7ff11efae000-7ff11f1ae000 rw-p 00000000 00:00 0 
7ff11f1ae000-7ff11f1b1000 ---p 00000000 00:00 0 
7ff11f1b1000-7ff11f2af000 rw-p 00000000 00:00 0 
7ff11f2af000-7ff11f2b2000 r--p 00000000 103:03 27270                     /usr/lib/x86_64-linux-gnu/libgcc_s.so.1
7ff11f2b2000-7ff11f2c4000 r-xp 00003000 103:03 27270                     /usr/lib/x86_64-linux-gnu/libgcc_s.so.1
7ff11f2c4000-7ff11f2c7000 r--p 00015000 103:03 27270                     /usr/lib/x86_64-linux-gnu/libgcc_s.so.1
7ff11f2c7000-7ff11f2c8000 r--p 00017000 103:03 27270                     /usr/lib/x86_64-linux-gnu/libgcc_s.so.1
7ff11f2c8000-7ff11f2c9000 rw-p 00018000 103:03 27270                     /usr/lib/x86_64-linux-gnu/libgcc_s.so.1
7ff11f2ef000-7ff11f327000 r-xp 00000000 103:03 4877477                   /usr/jre/lib/amd64/libsunec.so
7ff11f327000-7ff11f526000 ---p 00038000 103:03 4877477                   /usr/jre/lib/amd64/libsunec.so
7ff11f526000-7ff11f52b000 r--p 00037000 103:03 4877477                   /usr/jre/lib/amd64/libsunec.so
7ff11f52b000-7ff11f52d000 rw-p 0003c000 103:03 4877477                   /usr/jre/lib/amd64/libsunec.so
7ff11f52d000-7ff11f585000 r-xp 00000000 103:03 543787                    /tmp/lwjglfan87/3.2.3-SNAPSHOT/liblwjgl_opengl.so
7ff11f585000-7ff11f784000 ---p 00058000 103:03 543787                    /tmp/lwjglfan87/3.2.3-SNAPSHOT/liblwjgl_opengl.so
7ff11f784000-7ff11f785000 r--p 00057000 103:03 543787                    /tmp/lwjglfan87/3.2.3-SNAPSHOT/liblwjgl_opengl.so
7ff11f785000-7ff11f786000 rw-p 00058000 103:03 543787                    /tmp/lwjglfan87/3.2.3-SNAPSHOT/liblwjgl_opengl.so
7ff11f786000-7ff11f97c000 rw-p 00000000 00:00 0 
7ff11f97c000-7ff11f986000 ---p 00000000 00:00 0 
7ff11f986000-7ff11fa06000 rw-s 00000000 00:05 692                        /dev/nvidiactl
7ff11fa06000-7ff11fb06000 rw-s 00000000 00:05 692                        /dev/nvidiactl
7ff11fb06000-7ff11fb09000 ---p 00000000 00:00 0 
7ff11fb09000-7ff11fc07000 rw-p 00000000 00:00 0 
7ff11fc07000-7ff11fc1a000 rw-s 00000000 00:05 692                        /dev/nvidiactl
7ff11fc1a000-7ff11fc5a000 rw-s 00000000 00:05 692                        /dev/nvidiactl
7ff11fc5a000-7ff11fc5d000 ---p 00000000 00:00 0 
7ff11fc5d000-7ff11fd5b000 rw-p 00000000 00:00 0 
7ff11fd5b000-7ff11fd9b000 rw-s 00000000 00:05 692                        /dev/nvidiactl
7ff11fd9b000-7ff11fe1b000 rw-s 00000000 00:05 693                        /dev/nvidia0
7ff11fe1b000-7ff11fe5b000 rw-s 00000000 00:05 692                        /dev/nvidiactl
7ff11fe5b000-7ff120000000 rw-s 00000000 00:01 2049                       /memfd:/.nvidia_drv.XXXXXX (deleted)
7ff120000000-7ff120021000 rw-p 00000000 00:00 0 
7ff120021000-7ff124000000 ---p 00000000 00:00 0 
7ff12400d000-7ff12402d000 rw-s 00000000 00:05 692                        /dev/nvidiactl
7ff12402d000-7ff125286000 r-xp 00000000 103:03 38598                     /usr/lib/x86_64-linux-gnu/libnvidia-glcore.so.470.57.02
7ff125286000-7ff1252a7000 rwxp 01259000 103:03 38598                     /usr/lib/x86_64-linux-gnu/libnvidia-glcore.so.470.57.02
7ff1252a7000-7ff1257bf000 r-xp 0127a000 103:03 38598                     /usr/lib/x86_64-linux-gnu/libnvidia-glcore.so.470.57.02
7ff1257bf000-7ff1259be000 ---p 01792000 103:03 38598                     /usr/lib/x86_64-linux-gnu/libnvidia-glcore.so.470.57.02
7ff1259be000-7ff125f17000 r--p 01791000 103:03 38598                     /usr/lib/x86_64-linux-gnu/libnvidia-glcore.so.470.57.02
7ff125f17000-7ff1260bb000 rw-p 01cea000 103:03 38598                     /usr/lib/x86_64-linux-gnu/libnvidia-glcore.so.470.57.02
7ff1260bb000-7ff1260dd000 rw-p 00000000 00:00 0 
7ff1260dd000-7ff1260e0000 r-xp 00000000 103:03 38621                     /usr/lib/x86_64-linux-gnu/libnvidia-tls.so.470.57.02
7ff1260e0000-7ff1262e0000 ---p 00003000 103:03 38621                     /usr/lib/x86_64-linux-gnu/libnvidia-tls.so.470.57.02
7ff1262e0000-7ff1262e1000 r--p 00003000 103:03 38621                     /usr/lib/x86_64-linux-gnu/libnvidia-tls.so.470.57.02
7ff1262e1000-7ff1262e2000 rw-p 00004000 103:03 38621                     /usr/lib/x86_64-linux-gnu/libnvidia-tls.so.470.57.02
7ff1262e2000-7ff126354000 r-xp 00000000 103:03 38599                     /usr/lib/x86_64-linux-gnu/libnvidia-glsi.so.470.57.02
7ff126354000-7ff126554000 ---p 00072000 103:03 38599                     /usr/lib/x86_64-linux-gnu/libnvidia-glsi.so.470.57.02
7ff126554000-7ff12657d000 r--p 00072000 103:03 38599                     /usr/lib/x86_64-linux-gnu/libnvidia-glsi.so.470.57.02
7ff12657d000-7ff12657e000 rw-p 0009b000 103:03 38599                     /usr/lib/x86_64-linux-gnu/libnvidia-glsi.so.470.57.02
7ff12657e000-7ff126585000 rw-p 00000000 00:00 0 
7ff126585000-7ff126637000 r-xp 00000000 103:03 37396                     /usr/lib/x86_64-linux-gnu/libGLX_nvidia.so.470.57.02
7ff126637000-7ff12666c000 rwxp 000b2000 103:03 37396                     /usr/lib/x86_64-linux-gnu/libGLX_nvidia.so.470.57.02
7ff12666c000-7ff126673000 r-xp 000e7000 103:03 37396                     /usr/lib/x86_64-linux-gnu/libGLX_nvidia.so.470.57.02
7ff126673000-7ff126872000 ---p 000ee000 103:03 37396                     /usr/lib/x86_64-linux-gnu/libGLX_nvidia.so.470.57.02
7ff126872000-7ff1268bb000 r--p 000ed000 103:03 37396                     /usr/lib/x86_64-linux-gnu/libGLX_nvidia.so.470.57.02
7ff1268bb000-7ff1268c0000 rw-p 00136000 103:03 37396                     /usr/lib/x86_64-linux-gnu/libGLX_nvidia.so.470.57.02
7ff1268c0000-7ff1268c2000 rw-p 00000000 00:00 0 
7ff1268c2000-7ff126902000 r--p 00000000 103:03 35167                     /usr/lib/x86_64-linux-gnu/libGLdispatch.so.0.0.0
7ff126902000-7ff126905000 r-xp 00040000 103:03 35167                     /usr/lib/x86_64-linux-gnu/libGLdispatch.so.0.0.0
7ff126905000-7ff126940000 r-xp 00043000 103:03 35167                     /usr/lib/x86_64-linux-gnu/libGLdispatch.so.0.0.0
7ff126940000-7ff126941000 r-xp 0007e000 103:03 35167                     /usr/lib/x86_64-linux-gnu/libGLdispatch.so.0.0.0
7ff126941000-7ff126955000 r--p 0007f000 103:03 35167                     /usr/lib/x86_64-linux-gnu/libGLdispatch.so.0.0.0
7ff126955000-7ff126971000 r--p 00092000 103:03 35167                     /usr/lib/x86_64-linux-gnu/libGLdispatch.so.0.0.0
7ff126971000-7ff126972000 rw-p 000ae000 103:03 35167                     /usr/lib/x86_64-linux-gnu/libGLdispatch.so.0.0.0
7ff126972000-7ff12697a000 rw-p 00000000 00:00 0 
7ff12697a000-7ff1269bd000 r--p 00000000 103:03 37372                     /usr/lib/x86_64-linux-gnu/libGL.so.1.7.0
7ff1269bd000-7ff1269c0000 r-xp 00043000 103:03 37372                     /usr/lib/x86_64-linux-gnu/libGL.so.1.7.0
7ff1269c0000-7ff1269db000 r-xp 00046000 103:03 37372                     /usr/lib/x86_64-linux-gnu/libGL.so.1.7.0
7ff1269db000-7ff1269dc000 r-xp 00061000 103:03 37372                     /usr/lib/x86_64-linux-gnu/libGL.so.1.7.0
7ff1269dc000-7ff1269f1000 r--p 00062000 103:03 37372                     /usr/lib/x86_64-linux-gnu/libGL.so.1.7.0
7ff1269f1000-7ff1269ff000 r--p 00076000 103:03 37372                     /usr/lib/x86_64-linux-gnu/libGL.so.1.7.0
7ff1269ff000-7ff126a00000 rw-p 00084000 103:03 37372                     /usr/lib/x86_64-linux-gnu/libGL.so.1.7.0
7ff126a00000-7ff126c01000 rw-p 00000000 00:00 0 
7ff126c01000-7ff126e01000 rw-p 00000000 00:00 0 
7ff126e01000-7ff126e02000 r-xp 00000000 00:00 0 
7ff126e02000-7ff126e04000 r-xp 00000000 00:00 0 
7ff126e04000-7ff126e0a000 r--s 00042000 103:03 4877507                   /usr/jre/lib/ext/sunjce_provider.jar
7ff126e0a000-7ff126e0e000 rw-s 00000000 00:05 692                        /dev/nvidiactl
7ff126e0e000-7ff126e12000 rw-s 00000000 00:05 692                        /dev/nvidiactl
7ff126e12000-7ff126e32000 rw-s 00000000 00:05 692                        /dev/nvidiactl
7ff126e32000-7ff126e52000 rw-s 00000000 00:05 692                        /dev/nvidiactl
7ff126e52000-7ff126e55000 r--p 00000000 103:03 10029                     /usr/lib/x86_64-linux-gnu/libGLX.so.0.0.0
7ff126e55000-7ff126e70000 r-xp 00003000 103:03 10029                     /usr/lib/x86_64-linux-gnu/libGLX.so.0.0.0
7ff126e70000-7ff126e74000 r--p 0001e000 103:03 10029                     /usr/lib/x86_64-linux-gnu/libGLX.so.0.0.0
7ff126e74000-7ff126e75000 r--p 00021000 103:03 10029                     /usr/lib/x86_64-linux-gnu/libGLX.so.0.0.0
7ff126e75000-7ff126e76000 rw-p 00022000 103:03 10029                     /usr/lib/x86_64-linux-gnu/libGLX.so.0.0.0
7ff126e76000-7ff126e86000 rw-p 00000000 00:00 0 
7ff126e86000-7ff126e87000 r-xp 00000000 00:00 0 
7ff126e87000-7ff126e88000 r-xp 00000000 00:00 0 
7ff126e88000-7ff126e8c000 r--p 00000000 103:03 37778                     /usr/lib/x86_64-linux-gnu/libdrm.so.2.4.0
7ff126e8c000-7ff126e96000 r-xp 00004000 103:03 37778                     /usr/lib/x86_64-linux-gnu/libdrm.so.2.4.0
7ff126e96000-7ff126e9a000 r--p 0000e000 103:03 37778                     /usr/lib/x86_64-linux-gnu/libdrm.so.2.4.0
7ff126e9a000-7ff126e9b000 r--p 00011000 103:03 37778                     /usr/lib/x86_64-linux-gnu/libdrm.so.2.4.0
7ff126e9b000-7ff126e9c000 rw-p 00012000 103:03 37778                     /usr/lib/x86_64-linux-gnu/libdrm.so.2.4.0
7ff126e9c000-7ff126eac000 rw-s 00000000 00:05 693                        /dev/nvidia0
7ff126eac000-7ff126ead000 r--p 00000000 103:03 10038                     /usr/lib/x86_64-linux-gnu/libX11-xcb.so.1.0.0
7ff126ead000-7ff126eae000 r-xp 00001000 103:03 10038                     /usr/lib/x86_64-linux-gnu/libX11-xcb.so.1.0.0
7ff126eae000-7ff126eaf000 r--p 00002000 103:03 10038                     /usr/lib/x86_64-linux-gnu/libX11-xcb.so.1.0.0
7ff126eaf000-7ff126eb0000 r--p 00002000 103:03 10038                     /usr/lib/x86_64-linux-gnu/libX11-xcb.so.1.0.0
7ff126eb0000-7ff126eb1000 rw-p 00003000 103:03 10038                     /usr/lib/x86_64-linux-gnu/libX11-xcb.so.1.0.0
7ff126eb1000-7ff126eb3000 r--p 00000000 103:03 37438                     /usr/lib/x86_64-linux-gnu/libXfixes.so.3.1.0
7ff126eb3000-7ff126eb6000 r-xp 00002000 103:03 37438                     /usr/lib/x86_64-linux-gnu/libXfixes.so.3.1.0
7ff126eb6000-7ff126eb7000 r--p 00005000 103:03 37438                     /usr/lib/x86_64-linux-gnu/libXfixes.so.3.1.0
7ff126eb7000-7ff126eb8000 r--p 00005000 103:03 37438                     /usr/lib/x86_64-linux-gnu/libXfixes.so.3.1.0
7ff126eb8000-7ff126eb9000 rw-p 00006000 103:03 37438                     /usr/lib/x86_64-linux-gnu/libXfixes.so.3.1.0
7ff126eb9000-7ff126ebb000 r--p 00000000 103:03 37456                     /usr/lib/x86_64-linux-gnu/libXrender.so.1.3.0
7ff126ebb000-7ff126ec2000 r-xp 00002000 103:03 37456                     /usr/lib/x86_64-linux-gnu/libXrender.so.1.3.0
7ff126ec2000-7ff126ec4000 r--p 00009000 103:03 37456                     /usr/lib/x86_64-linux-gnu/libXrender.so.1.3.0
7ff126ec4000-7ff126ec5000 r--p 0000a000 103:03 37456                     /usr/lib/x86_64-linux-gnu/libXrender.so.1.3.0
7ff126ec5000-7ff126ec6000 rw-p 0000b000 103:03 37456                     /usr/lib/x86_64-linux-gnu/libXrender.so.1.3.0
7ff126ec6000-7ff126ec8000 r--p 00000000 103:03 37444                     /usr/lib/x86_64-linux-gnu/libXi.so.6.1.0
7ff126ec8000-7ff126ed3000 r-xp 00002000 103:03 37444                     /usr/lib/x86_64-linux-gnu/libXi.so.6.1.0
7ff126ed3000-7ff126ed6000 r--p 0000d000 103:03 37444                     /usr/lib/x86_64-linux-gnu/libXi.so.6.1.0
7ff126ed6000-7ff126ed7000 r--p 0000f000 103:03 37444                     /usr/lib/x86_64-linux-gnu/libXi.so.6.1.0
7ff126ed7000-7ff126ed8000 rw-p 00010000 103:03 37444                     /usr/lib/x86_64-linux-gnu/libXi.so.6.1.0
7ff126ed8000-7ff126f1b000 r-xp 00000000 103:03 543786                    /tmp/lwjglfan87/3.2.3-SNAPSHOT/libglfw.so
7ff126f1b000-7ff12711a000 ---p 00043000 103:03 543786                    /tmp/lwjglfan87/3.2.3-SNAPSHOT/libglfw.so
7ff12711a000-7ff12711b000 r--p 00042000 103:03 543786                    /tmp/lwjglfan87/3.2.3-SNAPSHOT/libglfw.so
7ff12711b000-7ff12711d000 rw-p 00043000 103:03 543786                    /tmp/lwjglfan87/3.2.3-SNAPSHOT/libglfw.so
7ff12711d000-7ff12713e000 rw-p 00000000 00:00 0 
7ff12713e000-7ff12718f000 r-xp 00000000 103:03 543784                    /tmp/lwjglfan87/3.2.3-SNAPSHOT/liblwjgl.so
7ff12718f000-7ff12738e000 ---p 00051000 103:03 543784                    /tmp/lwjglfan87/3.2.3-SNAPSHOT/liblwjgl.so
7ff12738e000-7ff12738f000 r--p 00050000 103:03 543784                    /tmp/lwjglfan87/3.2.3-SNAPSHOT/liblwjgl.so
7ff12738f000-7ff127390000 rw-p 00051000 103:03 543784                    /tmp/lwjglfan87/3.2.3-SNAPSHOT/liblwjgl.so
7ff127390000-7ff127393000 ---p 00000000 00:00 0 
7ff127393000-7ff127491000 rw-p 00000000 00:00 0 
7ff127491000-7ff127493000 r--p 00000000 103:03 37430                     /usr/lib/x86_64-linux-gnu/libXcursor.so.1.0.2
7ff127493000-7ff127499000 r-xp 00002000 103:03 37430                     /usr/lib/x86_64-linux-gnu/libXcursor.so.1.0.2
7ff127499000-7ff12749b000 r--p 00008000 103:03 37430                     /usr/lib/x86_64-linux-gnu/libXcursor.so.1.0.2
7ff12749b000-7ff12749c000 r--p 00009000 103:03 37430                     /usr/lib/x86_64-linux-gnu/libXcursor.so.1.0.2
7ff12749c000-7ff12749d000 rw-p 0000a000 103:03 37430                     /usr/lib/x86_64-linux-gnu/libXcursor.so.1.0.2
7ff12749d000-7ff1274a1000 r--p 00000000 103:03 43956                     /usr/lib/x86_64-linux-gnu/libXext.so.6.4.0
7ff1274a1000-7ff1274ac000 r-xp 00004000 103:03 43956                     /usr/lib/x86_64-linux-gnu/libXext.so.6.4.0
7ff1274ac000-7ff1274b0000 r--p 0000f000 103:03 43956                     /usr/lib/x86_64-linux-gnu/libXext.so.6.4.0
7ff1274b0000-7ff1274b1000 r--p 00012000 103:03 43956                     /usr/lib/x86_64-linux-gnu/libXext.so.6.4.0
7ff1274b1000-7ff1274b2000 rw-p 00013000 103:03 43956                     /usr/lib/x86_64-linux-gnu/libXext.so.6.4.0
7ff1274b2000-7ff1274ce000 r--p 00000000 103:03 1277                      /usr/lib/x86_64-linux-gnu/libX11.so.6.4.0
7ff1274ce000-7ff12755a000 r-xp 0001c000 103:03 1277                      /usr/lib/x86_64-linux-gnu/libX11.so.6.4.0
7ff12755a000-7ff1275ee000 r--p 000a8000 103:03 1277                      /usr/lib/x86_64-linux-gnu/libX11.so.6.4.0
7ff1275ee000-7ff1275ef000 ---p 0013c000 103:03 1277                      /usr/lib/x86_64-linux-gnu/libX11.so.6.4.0
7ff1275ef000-7ff1275f0000 r--p 0013c000 103:03 1277                      /usr/lib/x86_64-linux-gnu/libX11.so.6.4.0
7ff1275f0000-7ff1275f5000 rw-p 0013d000 103:03 1277                      /usr/lib/x86_64-linux-gnu/libX11.so.6.4.0
7ff1275f5000-7ff1275f8000 ---p 00000000 00:00 0 
7ff1275f8000-7ff1276f6000 rw-p 00000000 00:00 0 
7ff1276f6000-7ff1276f9000 ---p 00000000 00:00 0 
7ff1276f9000-7ff1279f7000 rw-p 00000000 00:00 0 
7ff1279f7000-7ff127bf7000 rw-p 00000000 00:00 0 
7ff127bf7000-7ff127bfa000 ---p 00000000 00:00 0 
7ff127bfa000-7ff127cf8000 rw-p 00000000 00:00 0 
7ff127cf8000-7ff127cff000 r-xp 00000000 103:03 38025                     /tmp/libnetty-transport-native-epoll3660095330540147141.so
7ff127cff000-7ff127efe000 ---p 00007000 103:03 38025                     /tmp/libnetty-transport-native-epoll3660095330540147141.so
7ff127efe000-7ff127eff000 rw-p 00006000 103:03 38025                     /tmp/libnetty-transport-native-epoll3660095330540147141.so
7ff127eff000-7ff127f02000 ---p 00000000 00:00 0 
7ff127f02000-7ff128000000 rw-p 00000000 00:00 0 
7ff128000000-7ff128021000 rw-p 00000000 00:00 0 
7ff128021000-7ff12c000000 ---p 00000000 00:00 0 
7ff12c000000-7ff12c003000 rw-s 00000000 00:05 692                        /dev/nvidiactl
7ff12c003000-7ff12c005000 r--p 00000000 103:03 37454                     /usr/lib/x86_64-linux-gnu/libXrandr.so.2.2.0
7ff12c005000-7ff12c00c000 r-xp 00002000 103:03 37454                     /usr/lib/x86_64-linux-gnu/libXrandr.so.2.2.0
7ff12c00c000-7ff12c00e000 r--p 00009000 103:03 37454                     /usr/lib/x86_64-linux-gnu/libXrandr.so.2.2.0
7ff12c00e000-7ff12c00f000 r--p 0000a000 103:03 37454                     /usr/lib/x86_64-linux-gnu/libXrandr.so.2.2.0
7ff12c00f000-7ff12c010000 rw-p 0000b000 103:03 37454                     /usr/lib/x86_64-linux-gnu/libXrandr.so.2.2.0
7ff12c010000-7ff12c011000 r--p 00000000 103:03 37472                     /usr/lib/x86_64-linux-gnu/libXxf86vm.so.1.0.0
7ff12c011000-7ff12c014000 r-xp 00001000 103:03 37472                     /usr/lib/x86_64-linux-gnu/libXxf86vm.so.1.0.0
7ff12c014000-7ff12c015000 r--p 00004000 103:03 37472                     /usr/lib/x86_64-linux-gnu/libXxf86vm.so.1.0.0
7ff12c015000-7ff12c016000 r--p 00004000 103:03 37472                     /usr/lib/x86_64-linux-gnu/libXxf86vm.so.1.0.0
7ff12c016000-7ff12c017000 rw-p 00005000 103:03 37472                     /usr/lib/x86_64-linux-gnu/libXxf86vm.so.1.0.0
7ff12c017000-7ff12c019000 r--p 00000000 103:03 38430                     /usr/lib/x86_64-linux-gnu/libmd.so.0.0.4
7ff12c019000-7ff12c020000 r-xp 00002000 103:03 38430                     /usr/lib/x86_64-linux-gnu/libmd.so.0.0.4
7ff12c020000-7ff12c022000 r--p 00009000 103:03 38430                     /usr/lib/x86_64-linux-gnu/libmd.so.0.0.4
7ff12c022000-7ff12c023000 r--p 0000a000 103:03 38430                     /usr/lib/x86_64-linux-gnu/libmd.so.0.0.4
7ff12c023000-7ff12c024000 rw-p 0000b000 103:03 38430                     /usr/lib/x86_64-linux-gnu/libmd.so.0.0.4
7ff12c024000-7ff12c02f000 r--p 00000000 103:03 39238                     /usr/lib/x86_64-linux-gnu/libxcb.so.1.1.0
7ff12c02f000-7ff12c043000 r-xp 0000b000 103:03 39238                     /usr/lib/x86_64-linux-gnu/libxcb.so.1.1.0
7ff12c043000-7ff12c04c000 r--p 0001f000 103:03 39238                     /usr/lib/x86_64-linux-gnu/libxcb.so.1.1.0
7ff12c04c000-7ff12c04d000 r--p 00027000 103:03 39238                     /usr/lib/x86_64-linux-gnu/libxcb.so.1.1.0
7ff12c04d000-7ff12c04e000 rw-p 00028000 103:03 39238                     /usr/lib/x86_64-linux-gnu/libxcb.so.1.1.0
7ff12c04e000-7ff12c0f8000 r--s 00e25000 103:03 1052347                   /home/fan87/Desktop/HypixelSkyblock/Server/MainIsland/plugins/SkyBlock-Plugin-v1.jar
7ff12c0f8000-7ff12c2f8000 rw-p 00000000 00:00 0 
7ff12c2f8000-7ff12c2fb000 ---p 00000000 00:00 0 
7ff12c2fb000-7ff12c3f9000 rw-p 00000000 00:00 0 
7ff12c3f9000-7ff12c3fc000 ---p 00000000 00:00 0 
7ff12c3fc000-7ff12c4fa000 rw-p 00000000 00:00 0 
7ff12c4fa000-7ff12c4fd000 ---p 00000000 00:00 0 
7ff12c4fd000-7ff12c5fb000 rw-p 00000000 00:00 0 
7ff12c5fb000-7ff12c5fe000 ---p 00000000 00:00 0 
7ff12c5fe000-7ff12c6fc000 rw-p 00000000 00:00 0 
7ff12c6fc000-7ff12c6ff000 ---p 00000000 00:00 0 
7ff12c6ff000-7ff12c7fd000 rw-p 00000000 00:00 0 
7ff12c7fd000-7ff12c800000 ---p 00000000 00:00 0 
7ff12c800000-7ff12cafe000 rw-p 00000000 00:00 0 
7ff12cafe000-7ff12cb01000 ---p 00000000 00:00 0 
7ff12cb01000-7ff12cdff000 rw-p 00000000 00:00 0 
7ff12cdff000-7ff12cfff000 rw-p 00000000 00:00 0 
7ff12cfff000-7ff130000000 rw-p 00000000 00:00 0 
7ff130000000-7ff130021000 rw-p 00000000 00:00 0 
7ff130021000-7ff134000000 ---p 00000000 00:00 0 
7ff134000000-7ff134001000 r-xp 00000000 00:00 0 
7ff134001000-7ff134003000 rw-s 00000000 00:01 10998                      /memfd:/.glXXXXXX (deleted)
7ff134003000-7ff134007000 r--p 00000000 103:03 37599                     /usr/lib/x86_64-linux-gnu/libbsd.so.0.11.3
7ff134007000-7ff134014000 r-xp 00004000 103:03 37599                     /usr/lib/x86_64-linux-gnu/libbsd.so.0.11.3
7ff134014000-7ff134017000 r--p 00011000 103:03 37599                     /usr/lib/x86_64-linux-gnu/libbsd.so.0.11.3
7ff134017000-7ff134018000 ---p 00014000 103:03 37599                     /usr/lib/x86_64-linux-gnu/libbsd.so.0.11.3
7ff134018000-7ff134019000 r--p 00014000 103:03 37599                     /usr/lib/x86_64-linux-gnu/libbsd.so.0.11.3
7ff134019000-7ff13401a000 rw-p 00015000 103:03 37599                     /usr/lib/x86_64-linux-gnu/libbsd.so.0.11.3
7ff13401a000-7ff13401b000 rw-p 00000000 00:00 0 
7ff13401b000-7ff13401d000 r--p 00000000 103:03 37434                     /usr/lib/x86_64-linux-gnu/libXdmcp.so.6.0.0
7ff13401d000-7ff13401f000 r-xp 00002000 103:03 37434                     /usr/lib/x86_64-linux-gnu/libXdmcp.so.6.0.0
7ff13401f000-7ff134021000 r--p 00004000 103:03 37434                     /usr/lib/x86_64-linux-gnu/libXdmcp.so.6.0.0
7ff134021000-7ff134022000 r--p 00005000 103:03 37434                     /usr/lib/x86_64-linux-gnu/libXdmcp.so.6.0.0
7ff134022000-7ff134023000 rw-p 00006000 103:03 37434                     /usr/lib/x86_64-linux-gnu/libXdmcp.so.6.0.0
7ff134023000-7ff134024000 r-xp 00000000 00:00 0 
7ff134024000-7ff134025000 rw-s 00000000 00:05 693                        /dev/nvidia0
7ff134025000-7ff134030000 r--p 00000000 103:03 39206                     /usr/lib/x86_64-linux-gnu/libxcb-glx.so.0.0.0
7ff134030000-7ff134039000 r-xp 0000b000 103:03 39206                     /usr/lib/x86_64-linux-gnu/libxcb-glx.so.0.0.0
7ff134039000-7ff13403e000 r--p 00014000 103:03 39206                     /usr/lib/x86_64-linux-gnu/libxcb-glx.so.0.0.0
7ff13403e000-7ff13403f000 ---p 00019000 103:03 39206                     /usr/lib/x86_64-linux-gnu/libxcb-glx.so.0.0.0
7ff13403f000-7ff134041000 r--p 00019000 103:03 39206                     /usr/lib/x86_64-linux-gnu/libxcb-glx.so.0.0.0
7ff134041000-7ff134042000 rw-p 0001b000 103:03 39206                     /usr/lib/x86_64-linux-gnu/libxcb-glx.so.0.0.0
7ff134042000-7ff134049000 r--s 00000000 103:03 36698                     /usr/lib/x86_64-linux-gnu/gconv/gconv-modules.cache
7ff134049000-7ff13405b000 r--s 00353000 103:03 4877539                   /usr/jre/lib/resources.jar
7ff13405b000-7ff13405f000 r--p 00000000 103:03 38850                     /usr/lib/x86_64-linux-gnu/libresolv-2.33.so
7ff13405f000-7ff13406e000 r-xp 00004000 103:03 38850                     /usr/lib/x86_64-linux-gnu/libresolv-2.33.so
7ff13406e000-7ff134071000 r--p 00013000 103:03 38850                     /usr/lib/x86_64-linux-gnu/libresolv-2.33.so
7ff134071000-7ff134072000 ---p 00016000 103:03 38850                     /usr/lib/x86_64-linux-gnu/libresolv-2.33.so
7ff134072000-7ff134073000 r--p 00016000 103:03 38850                     /usr/lib/x86_64-linux-gnu/libresolv-2.33.so
7ff134073000-7ff134074000 rw-p 00017000 103:03 38850                     /usr/lib/x86_64-linux-gnu/libresolv-2.33.so
7ff134074000-7ff134076000 rw-p 00000000 00:00 0 
7ff134076000-7ff134077000 r--p 00000000 103:03 37446                     /usr/lib/x86_64-linux-gnu/libXinerama.so.1.0.0
7ff134077000-7ff134078000 r-xp 00001000 103:03 37446                     /usr/lib/x86_64-linux-gnu/libXinerama.so.1.0.0
7ff134078000-7ff134079000 r--p 00002000 103:03 37446                     /usr/lib/x86_64-linux-gnu/libXinerama.so.1.0.0
7ff134079000-7ff13407a000 r--p 00002000 103:03 37446                     /usr/lib/x86_64-linux-gnu/libXinerama.so.1.0.0
7ff13407a000-7ff13407b000 rw-p 00003000 103:03 37446                     /usr/lib/x86_64-linux-gnu/libXinerama.so.1.0.0
7ff13407b000-7ff13409c000 r--s 00188000 103:03 1052262                   /home/fan87/Desktop/HypixelSkyblock/Server/MainIsland/plugins/worldedit-bukkit-6.1.9.jar
7ff13409c000-7ff13429c000 rw-p 00000000 00:00 0 
7ff13429c000-7ff13449c000 rw-p 00000000 00:00 0 
7ff13449c000-7ff1344b2000 r-xp 00000000 103:03 4877472                   /usr/jre/lib/amd64/libnet.so
7ff1344b2000-7ff1346b1000 ---p 00016000 103:03 4877472                   /usr/jre/lib/amd64/libnet.so
7ff1346b1000-7ff1346b2000 r--p 00015000 103:03 4877472                   /usr/jre/lib/amd64/libnet.so
7ff1346b2000-7ff1346b3000 rw-p 00016000 103:03 4877472                   /usr/jre/lib/amd64/libnet.so
7ff1346b3000-7ff1346c4000 r-xp 00000000 103:03 4877473                   /usr/jre/lib/amd64/libnio.so
7ff1346c4000-7ff1348c3000 ---p 00011000 103:03 4877473                   /usr/jre/lib/amd64/libnio.so
7ff1348c3000-7ff1348c4000 r--p 00010000 103:03 4877473                   /usr/jre/lib/amd64/libnio.so
7ff1348c4000-7ff1348c5000 rw-p 00011000 103:03 4877473                   /usr/jre/lib/amd64/libnio.so
7ff1348c5000-7ff1348ce000 r-xp 00000000 103:03 4877470                   /usr/jre/lib/amd64/libmanagement.so
7ff1348ce000-7ff134acd000 ---p 00009000 103:03 4877470                   /usr/jre/lib/amd64/libmanagement.so
7ff134acd000-7ff134ace000 r--p 00008000 103:03 4877470                   /usr/jre/lib/amd64/libmanagement.so
7ff134ace000-7ff134acf000 rw-p 00009000 103:03 4877470                   /usr/jre/lib/amd64/libmanagement.so
7ff134acf000-7ff134ad0000 r-xp 00000000 103:03 37302                     /tmp/libjansi-64-git-Spigot-db6de12-18fbb24-43536444107778324.so
7ff134ad0000-7ff134ccf000 ---p 00001000 103:03 37302                     /tmp/libjansi-64-git-Spigot-db6de12-18fbb24-43536444107778324.so
7ff134ccf000-7ff134cd0000 rw-p 00000000 103:03 37302                     /tmp/libjansi-64-git-Spigot-db6de12-18fbb24-43536444107778324.so
7ff134cd0000-7ff134df8000 r--s 011b0000 103:03 400604                    /home/fan87/Desktop/HypixelSkyblock/Server/MainIsland/server.jar
7ff134df8000-7ff134df9000 ---p 00000000 00:00 0 
7ff134df9000-7ff134ef9000 rw-p 00000000 00:00 0 
7ff134ef9000-7ff134efc000 ---p 00000000 00:00 0 
7ff134efc000-7ff134ffa000 rw-p 00000000 00:00 0 
7ff134ffa000-7ff134ffb000 ---p 00000000 00:00 0 
7ff134ffb000-7ff134ffe000 ---p 00000000 00:00 0 
7ff134ffe000-7ff1350fb000 rw-p 00000000 00:00 0 
7ff1350fb000-7ff1350fc000 ---p 00000000 00:00 0 
7ff1350fc000-7ff1350ff000 ---p 00000000 00:00 0 
7ff1350ff000-7ff1351fc000 rw-p 00000000 00:00 0 
7ff1351fc000-7ff1351fd000 ---p 00000000 00:00 0 
7ff1351fd000-7ff135200000 ---p 00000000 00:00 0 
7ff135200000-7ff1352fd000 rw-p 00000000 00:00 0 
7ff1352fd000-7ff1352fe000 ---p 00000000 00:00 0 
7ff1352fe000-7ff135301000 ---p 00000000 00:00 0 
7ff135301000-7ff1353fe000 rw-p 00000000 00:00 0 
7ff1353fe000-7ff135401000 ---p 00000000 00:00 0 
7ff135401000-7ff1354ff000 rw-p 00000000 00:00 0 
7ff1354ff000-7ff135502000 ---p 00000000 00:00 0 
7ff135502000-7ff135600000 rw-p 00000000 00:00 0 
7ff135600000-7ff135604000 r-xp 00000000 103:03 4877453                   /usr/jre/lib/amd64/libdt_socket.so
7ff135604000-7ff135803000 ---p 00004000 103:03 4877453                   /usr/jre/lib/amd64/libdt_socket.so
7ff135803000-7ff135804000 r--p 00003000 103:03 4877453                   /usr/jre/lib/amd64/libdt_socket.so
7ff135804000-7ff135805000 rw-p 00004000 103:03 4877453                   /usr/jre/lib/amd64/libdt_socket.so
7ff135805000-7ff135808000 ---p 00000000 00:00 0 
7ff135808000-7ff135906000 rw-p 00000000 00:00 0 
7ff135906000-7ff135909000 ---p 00000000 00:00 0 
7ff135909000-7ff135a07000 rw-p 00000000 00:00 0 
7ff135a07000-7ff135a0a000 ---p 00000000 00:00 0 
7ff135a0a000-7ff135b08000 rw-p 00000000 00:00 0 
7ff135b08000-7ff135b09000 ---p 00000000 00:00 0 
7ff135b09000-7ff137623000 rw-p 00000000 00:00 0 
7ff137623000-7ff137800000 r--s 03e31000 103:03 4877540                   /usr/jre/lib/rt.jar
7ff137800000-7ff138000000 rw-p 00000000 00:00 0 
7ff138000000-7ff138021000 rw-p 00000000 00:00 0 
7ff138021000-7ff13c000000 ---p 00000000 00:00 0 
7ff13c000000-7ff13c002000 rw-s 00000000 00:05 692                        /dev/nvidiactl
7ff13c002000-7ff13c004000 r--s 00009000 103:03 4877506                   /usr/jre/lib/ext/sunec.jar
7ff13c004000-7ff13c005000 r--p 00000000 103:03 37423                     /usr/lib/x86_64-linux-gnu/libXau.so.6.0.0
7ff13c005000-7ff13c007000 r-xp 00001000 103:03 37423                     /usr/lib/x86_64-linux-gnu/libXau.so.6.0.0
7ff13c007000-7ff13c008000 r--p 00003000 103:03 37423                     /usr/lib/x86_64-linux-gnu/libXau.so.6.0.0
7ff13c008000-7ff13c009000 r--p 00003000 103:03 37423                     /usr/lib/x86_64-linux-gnu/libXau.so.6.0.0
7ff13c009000-7ff13c00a000 rw-p 00004000 103:03 37423                     /usr/lib/x86_64-linux-gnu/libXau.so.6.0.0
7ff13c00a000-7ff13c00c000 r--p 00000000 103:03 38554                     /usr/lib/x86_64-linux-gnu/libnss_dns-2.33.so
7ff13c00c000-7ff13c010000 r-xp 00002000 103:03 38554                     /usr/lib/x86_64-linux-gnu/libnss_dns-2.33.so
7ff13c010000-7ff13c011000 r--p 00006000 103:03 38554                     /usr/lib/x86_64-linux-gnu/libnss_dns-2.33.so
7ff13c011000-7ff13c012000 r--p 00006000 103:03 38554                     /usr/lib/x86_64-linux-gnu/libnss_dns-2.33.so
7ff13c012000-7ff13c013000 rw-p 00007000 103:03 38554                     /usr/lib/x86_64-linux-gnu/libnss_dns-2.33.so
7ff13c013000-7ff13c014000 r--p 00000000 103:03 38565                     /usr/lib/x86_64-linux-gnu/libnss_mdns4_minimal.so.2
7ff13c014000-7ff13c016000 r-xp 00001000 103:03 38565                     /usr/lib/x86_64-linux-gnu/libnss_mdns4_minimal.so.2
7ff13c016000-7ff13c017000 r--p 00003000 103:03 38565                     /usr/lib/x86_64-linux-gnu/libnss_mdns4_minimal.so.2
7ff13c017000-7ff13c018000 r--p 00003000 103:03 38565                     /usr/lib/x86_64-linux-gnu/libnss_mdns4_minimal.so.2
7ff13c018000-7ff13c019000 rw-p 00004000 103:03 38565                     /usr/lib/x86_64-linux-gnu/libnss_mdns4_minimal.so.2
7ff13c019000-7ff13c035000 r--s 00393000 103:03 4877500                   /usr/jre/lib/ext/cldrdata.jar
7ff13c035000-7ff13c03f000 r--s 00116000 103:03 4877504                   /usr/jre/lib/ext/localedata.jar
7ff13c03f000-7ff13c042000 ---p 00000000 00:00 0 
7ff13c042000-7ff13c078000 rw-p 00000000 00:00 0 
7ff13c078000-7ff13c089000 r--s 001c7000 103:03 4877530                   /usr/jre/lib/jsse.jar
7ff13c089000-7ff13cafb000 rw-p 00000000 00:00 0 
7ff13cafb000-7ff13cafc000 ---p 00000000 00:00 0 
7ff13cafc000-7ff13cbfc000 rw-p 00000000 00:00 0 
7ff13cbfc000-7ff13cbfd000 ---p 00000000 00:00 0 
7ff13cbfd000-7ff13ccfd000 rw-p 00000000 00:00 0 
7ff13ccfd000-7ff13ccfe000 ---p 00000000 00:00 0 
7ff13ccfe000-7ff13cdfe000 rw-p 00000000 00:00 0 
7ff13cdfe000-7ff13cdff000 ---p 00000000 00:00 0 
7ff13cdff000-7ff13ceff000 rw-p 00000000 00:00 0 
7ff13ceff000-7ff13cf00000 ---p 00000000 00:00 0 
7ff13cf00000-7ff13d000000 rw-p 00000000 00:00 0 
7ff13d000000-7ff13da80000 rwxp 00000000 00:00 0 
7ff13da80000-7ff14c000000 ---p 00000000 00:00 0 
7ff14c000000-7ff14c793000 rw-p 00000000 00:00 0 
7ff14c793000-7ff150000000 ---p 00000000 00:00 0 
7ff150000000-7ff150001000 rw-s 00000000 00:05 692                        /dev/nvidiactl
7ff150001000-7ff150002000 rw-s 00000000 00:05 692                        /dev/nvidiactl
7ff150002000-7ff150003000 rw-s 00000000 00:05 692                        /dev/nvidiactl
7ff150003000-7ff150004000 ---p 00000000 00:00 0 
7ff150004000-7ff150104000 rw-p 00000000 00:00 0 
7ff150104000-7ff150105000 ---p 00000000 00:00 0 
7ff150105000-7ff150205000 rw-p 00000000 00:00 0 
7ff150205000-7ff150206000 ---p 00000000 00:00 0 
7ff150206000-7ff150361000 rw-p 00000000 00:00 0 
7ff150361000-7ff15085c000 ---p 00000000 00:00 0 
7ff15085c000-7ff1508b7000 rw-p 00000000 00:00 0 
7ff1508b7000-7ff150db1000 ---p 00000000 00:00 0 
7ff150db1000-7ff150e66000 rw-p 00000000 00:00 0 
7ff150e66000-7ff15105c000 ---p 00000000 00:00 0 
7ff15105c000-7ff151087000 rw-p 00000000 00:00 0 
7ff151087000-7ff15141d000 ---p 00000000 00:00 0 
7ff15141d000-7ff151438000 r-xp 00000000 103:03 4877480                   /usr/jre/lib/amd64/libzip.so
7ff151438000-7ff151637000 ---p 0001b000 103:03 4877480                   /usr/jre/lib/amd64/libzip.so
7ff151637000-7ff151638000 r--p 0001a000 103:03 4877480                   /usr/jre/lib/amd64/libzip.so
7ff151638000-7ff151639000 rw-p 0001b000 103:03 4877480                   /usr/jre/lib/amd64/libzip.so
7ff151639000-7ff152538000 r--p 00000000 103:03 15557                     /usr/lib/locale/locale-archive
7ff152538000-7ff15253a000 r-xp 00000000 103:03 4877474                   /usr/jre/lib/amd64/libnpt.so
7ff15253a000-7ff15273a000 ---p 00002000 103:03 4877474                   /usr/jre/lib/amd64/libnpt.so
7ff15273a000-7ff15273b000 r--p 00002000 103:03 4877474                   /usr/jre/lib/amd64/libnpt.so
7ff15273b000-7ff15273c000 rw-p 00003000 103:03 4877474                   /usr/jre/lib/amd64/libnpt.so
7ff15273c000-7ff152776000 r-xp 00000000 103:03 4877466                   /usr/jre/lib/amd64/libjdwp.so
7ff152776000-7ff152975000 ---p 0003a000 103:03 4877466                   /usr/jre/lib/amd64/libjdwp.so
7ff152975000-7ff152976000 r--p 00039000 103:03 4877466                   /usr/jre/lib/amd64/libjdwp.so
7ff152976000-7ff152977000 rw-p 0003a000 103:03 4877466                   /usr/jre/lib/amd64/libjdwp.so
7ff152977000-7ff1529a3000 r-xp 00000000 103:03 4877461                   /usr/jre/lib/amd64/libjava.so
7ff1529a3000-7ff152ba3000 ---p 0002c000 103:03 4877461                   /usr/jre/lib/amd64/libjava.so
7ff152ba3000-7ff152ba4000 r--p 0002c000 103:03 4877461                   /usr/jre/lib/amd64/libjava.so
7ff152ba4000-7ff152ba6000 rw-p 0002d000 103:03 4877461                   /usr/jre/lib/amd64/libjava.so
7ff152ba6000-7ff152bb3000 r-xp 00000000 103:03 4877479                   /usr/jre/lib/amd64/libverify.so
7ff152bb3000-7ff152db2000 ---p 0000d000 103:03 4877479                   /usr/jre/lib/amd64/libverify.so
7ff152db2000-7ff152db4000 r--p 0000c000 103:03 4877479                   /usr/jre/lib/amd64/libverify.so
7ff152db4000-7ff152db5000 rw-p 0000e000 103:03 4877479                   /usr/jre/lib/amd64/libverify.so
7ff152db5000-7ff152db8000 r--p 00000000 103:03 38868                     /usr/lib/x86_64-linux-gnu/librt-2.33.so
7ff152db8000-7ff152dbc000 r-xp 00003000 103:03 38868                     /usr/lib/x86_64-linux-gnu/librt-2.33.so
7ff152dbc000-7ff152dbe000 r--p 00007000 103:03 38868                     /usr/lib/x86_64-linux-gnu/librt-2.33.so
7ff152dbe000-7ff152dbf000 r--p 00008000 103:03 38868                     /usr/lib/x86_64-linux-gnu/librt-2.33.so
7ff152dbf000-7ff152dc0000 rw-p 00009000 103:03 38868                     /usr/lib/x86_64-linux-gnu/librt-2.33.so
7ff152dc0000-7ff152dc1000 ---p 00000000 00:00 0 
7ff152dc1000-7ff152dc4000 ---p 00000000 00:00 0 
7ff152dc4000-7ff152ec1000 rw-p 00000000 00:00 0 
7ff152ec1000-7ff152ed0000 r--p 00000000 103:03 38418                     /usr/lib/x86_64-linux-gnu/libm-2.33.so
7ff152ed0000-7ff152f76000 r-xp 0000f000 103:03 38418                     /usr/lib/x86_64-linux-gnu/libm-2.33.so
7ff152f76000-7ff15300d000 r--p 000b5000 103:03 38418                     /usr/lib/x86_64-linux-gnu/libm-2.33.so
7ff15300d000-7ff15300e000 r--p 0014b000 103:03 38418                     /usr/lib/x86_64-linux-gnu/libm-2.33.so
7ff15300e000-7ff15300f000 rw-p 0014c000 103:03 38418                     /usr/lib/x86_64-linux-gnu/libm-2.33.so
7ff15300f000-7ff153d05000 r-xp 00000000 103:03 4877483                   /usr/jre/lib/amd64/server/libjvm.so
7ff153d05000-7ff153f04000 ---p 00cf6000 103:03 4877483                   /usr/jre/lib/amd64/server/libjvm.so
7ff153f04000-7ff153f9a000 r--p 00cf5000 103:03 4877483                   /usr/jre/lib/amd64/server/libjvm.so
7ff153f9a000-7ff153fcb000 rw-p 00d8b000 103:03 4877483                   /usr/jre/lib/amd64/server/libjvm.so
7ff153fcb000-7ff154008000 rw-p 00000000 00:00 0 
7ff154008000-7ff15402e000 r--p 00000000 103:03 37605                     /usr/lib/x86_64-linux-gnu/libc-2.33.so
7ff15402e000-7ff154199000 r-xp 00026000 103:03 37605                     /usr/lib/x86_64-linux-gnu/libc-2.33.so
7ff154199000-7ff1541e5000 r--p 00191000 103:03 37605                     /usr/lib/x86_64-linux-gnu/libc-2.33.so
7ff1541e5000-7ff1541e8000 r--p 001dc000 103:03 37605                     /usr/lib/x86_64-linux-gnu/libc-2.33.so
7ff1541e8000-7ff1541eb000 rw-p 001df000 103:03 37605                     /usr/lib/x86_64-linux-gnu/libc-2.33.so
7ff1541eb000-7ff1541f4000 rw-p 00000000 00:00 0 
7ff1541f4000-7ff1541f6000 r--p 00000000 103:03 37763                     /usr/lib/x86_64-linux-gnu/libdl-2.33.so
7ff1541f6000-7ff1541f8000 r-xp 00002000 103:03 37763                     /usr/lib/x86_64-linux-gnu/libdl-2.33.so
7ff1541f8000-7ff1541f9000 r--p 00004000 103:03 37763                     /usr/lib/x86_64-linux-gnu/libdl-2.33.so
7ff1541f9000-7ff1541fa000 r--p 00004000 103:03 37763                     /usr/lib/x86_64-linux-gnu/libdl-2.33.so
7ff1541fa000-7ff1541fb000 rw-p 00005000 103:03 37763                     /usr/lib/x86_64-linux-gnu/libdl-2.33.so
7ff1541fb000-7ff154212000 r-xp 00000000 103:03 4877447                   /usr/jre/lib/amd64/jli/libjli.so
7ff154212000-7ff154411000 ---p 00017000 103:03 4877447                   /usr/jre/lib/amd64/jli/libjli.so
7ff154411000-7ff154412000 r--p 00016000 103:03 4877447                   /usr/jre/lib/amd64/jli/libjli.so
7ff154412000-7ff154413000 rw-p 00017000 103:03 4877447                   /usr/jre/lib/amd64/jli/libjli.so
7ff154413000-7ff15441a000 r--p 00000000 103:03 38813                     /usr/lib/x86_64-linux-gnu/libpthread-2.33.so
7ff15441a000-7ff15442a000 r-xp 00007000 103:03 38813                     /usr/lib/x86_64-linux-gnu/libpthread-2.33.so
7ff15442a000-7ff15442f000 r--p 00017000 103:03 38813                     /usr/lib/x86_64-linux-gnu/libpthread-2.33.so
7ff15442f000-7ff154430000 r--p 0001b000 103:03 38813                     /usr/lib/x86_64-linux-gnu/libpthread-2.33.so
7ff154430000-7ff154431000 rw-p 0001c000 103:03 38813                     /usr/lib/x86_64-linux-gnu/libpthread-2.33.so
7ff154431000-7ff154435000 rw-p 00000000 00:00 0 
7ff154435000-7ff154436000 rw-s 00044000 00:01 2049                       /memfd:/.nvidia_drv.XXXXXX (deleted)
7ff154436000-7ff154437000 r-xp 00000000 00:00 0 
7ff154437000-7ff154439000 r--s 0001b000 103:03 4877524                   /usr/jre/lib/jce.jar
7ff154439000-7ff15443c000 r--s 0000f000 103:03 4877502                   /usr/jre/lib/ext/icedtea-sound.jar
7ff15443c000-7ff154444000 rw-s 00000000 103:03 544390                    /tmp/hsperfdata_fan87/241635
7ff154444000-7ff154447000 r--p 00000000 103:03 38557                     /usr/lib/x86_64-linux-gnu/libnss_files-2.33.so
7ff154447000-7ff15444f000 r-xp 00003000 103:03 38557                     /usr/lib/x86_64-linux-gnu/libnss_files-2.33.so
7ff15444f000-7ff154451000 r--p 0000b000 103:03 38557                     /usr/lib/x86_64-linux-gnu/libnss_files-2.33.so
7ff154451000-7ff154452000 r--p 0000c000 103:03 38557                     /usr/lib/x86_64-linux-gnu/libnss_files-2.33.so
7ff154452000-7ff154453000 rw-p 0000d000 103:03 38557                     /usr/lib/x86_64-linux-gnu/libnss_files-2.33.so
7ff154453000-7ff15445a000 rw-p 00000000 00:00 0 
7ff15445a000-7ff15445b000 r--p 00000000 00:00 0 
7ff15445b000-7ff15445d000 rw-p 00000000 00:00 0 
7ff15445d000-7ff15445e000 r--p 00000000 103:03 37202                     /usr/lib/x86_64-linux-gnu/ld-2.33.so
7ff15445e000-7ff154485000 r-xp 00001000 103:03 37202                     /usr/lib/x86_64-linux-gnu/ld-2.33.so
7ff154485000-7ff15448f000 r--p 00028000 103:03 37202                     /usr/lib/x86_64-linux-gnu/ld-2.33.so
7ff15448f000-7ff154491000 r--p 00031000 103:03 37202                     /usr/lib/x86_64-linux-gnu/ld-2.33.so
7ff154491000-7ff154493000 rw-p 00033000 103:03 37202                     /usr/lib/x86_64-linux-gnu/ld-2.33.so
7ffd71f07000-7ffd71f28000 rw-p 00000000 00:00 0                          [stack]
7ffd71f9e000-7ffd71fa2000 r--p 00000000 00:00 0                          [vvar]
7ffd71fa2000-7ffd71fa4000 r-xp 00000000 00:00 0                          [vdso]
ffffffffff600000-ffffffffff601000 --xp 00000000 00:00 0                  [vsyscall]

VM Arguments:
jvm_args: -Xms128M -Xmx4G -agentlib:jdwp=transport=dt_socket,server=y,suspend=n,address=5005 
java_command: server.jar
java_class_path (initial): server.jar
Launcher Type: SUN_STANDARD

Environment Variables:
PATH=/home/fan87/Desktop/Fan87ToolKit/scripts:/home/fan87/.local/bin:/usr/lib/dart/bin:/home/fan87/.pub-cache/bin:/usr/local/sbin:/usr/local/bin:/usr/sbin:/usr/bin:/sbin:/bin:/usr/games:/usr/local/games:/snap/bin:/home/fan87/Desktop/Softwares/idea-IC-212.4746.92/bin:/home/fan87/.pub-cache/bin
SHELL=/usr/bin/fish
DISPLAY=:0

Signal Handlers:
SIGSEGV: [libjvm.so+0xadf280], sa_mask[0]=11111111011111111101111111111110, sa_flags=SA_RESTART|SA_SIGINFO
SIGBUS: [libjvm.so+0xadf280], sa_mask[0]=11111111011111111101111111111110, sa_flags=SA_RESTART|SA_SIGINFO
SIGFPE: [libjvm.so+0x9137b0], sa_mask[0]=11111111011111111101111111111110, sa_flags=SA_RESTART|SA_SIGINFO
SIGPIPE: [libjvm.so+0x9137b0], sa_mask[0]=11111111011111111101111111111110, sa_flags=SA_RESTART|SA_SIGINFO
SIGXFSZ: [libjvm.so+0x9137b0], sa_mask[0]=11111111011111111101111111111110, sa_flags=SA_RESTART|SA_SIGINFO
SIGILL: [libjvm.so+0x9137b0], sa_mask[0]=11111111011111111101111111111110, sa_flags=SA_RESTART|SA_SIGINFO
SIGUSR1: SIG_DFL, sa_mask[0]=00000000000000000000000000000000, sa_flags=none
SIGUSR2: [libjvm.so+0x913680], sa_mask[0]=00000000000000000000000000000000, sa_flags=SA_RESTART|SA_SIGINFO
SIGHUP: [libjvm.so+0x913ca0], sa_mask[0]=11111111011111111101111111111110, sa_flags=SA_RESTART|SA_SIGINFO
SIGINT: [libjvm.so+0x913ca0], sa_mask[0]=11111111011111111101111111111110, sa_flags=SA_RESTART|SA_SIGINFO
SIGTERM: [libjvm.so+0x913ca0], sa_mask[0]=11111111011111111101111111111110, sa_flags=SA_RESTART|SA_SIGINFO
SIGQUIT: [libjvm.so+0x913ca0], sa_mask[0]=11111111011111111101111111111110, sa_flags=SA_RESTART|SA_SIGINFO


---------------  S Y S T E M  ---------------

OS:DISTRIB_ID=Pop
DISTRIB_RELEASE=21.04
DISTRIB_CODENAME=hirsute
DISTRIB_DESCRIPTION="Pop!_OS 21.04"

uname:Linux 5.11.0-7620-generic #21~1626191760~21.04~55de9c3-Ubuntu SMP Tue Jul 20 22:18:55 UTC  x86_64
libc:glibc 2.33 NPTL 2.33 
rlimit: STACK 8192k, CORE 0k, NPROC 95016, NOFILE 1048576, AS infinity
load average:4.60 5.14 5.60

/proc/meminfo:
MemTotal:       24436132 kB
MemFree:         1683996 kB
MemAvailable:    8195824 kB
Buffers:          462376 kB
Cached:          6901756 kB
SwapCached:       250396 kB
Active:          3917952 kB
Inactive:       17740912 kB
Active(anon):     633292 kB
Inactive(anon): 14415224 kB
Active(file):    3284660 kB
Inactive(file):  3325688 kB
Unevictable:        3608 kB
Mlocked:              64 kB
SwapTotal:       4193784 kB
SwapFree:        3287660 kB
Dirty:             26612 kB
Writeback:            24 kB
AnonPages:      14067052 kB
Mapped:          1873756 kB
Shmem:            761532 kB
KReclaimable:     303416 kB
Slab:             561096 kB
SReclaimable:     303416 kB
SUnreclaim:       257680 kB
KernelStack:       28160 kB
PageTables:       100480 kB
NFS_Unstable:          0 kB
Bounce:                0 kB
WritebackTmp:          0 kB
CommitLimit:    16411848 kB
Committed_AS:   29336420 kB
VmallocTotal:   34359738367 kB
VmallocUsed:       99636 kB
VmallocChunk:          0 kB
Percpu:             9088 kB
HardwareCorrupted:     0 kB
AnonHugePages:         0 kB
ShmemHugePages:        0 kB
ShmemPmdMapped:        0 kB
FileHugePages:         0 kB
FilePmdMapped:         0 kB
HugePages_Total:       0
HugePages_Free:        0
HugePages_Rsvd:        0
HugePages_Surp:        0
Hugepagesize:       2048 kB
Hugetlb:               0 kB
DirectMap4k:     1227444 kB
DirectMap2M:    23754752 kB
DirectMap1G:     1048576 kB

container (cgroup) information:
container_type: cgroupv1
cpu_cpuset_cpus: 0-7
cpu_memory_nodes: 0
active_processor_count: 8
cpu_quota: -1
cpu_period: 100000
cpu_shares: -1
memory_limit_in_bytes: -1
memory_and_swap_limit_in_bytes: -1
memory_soft_limit_in_bytes: -1
memory_usage_in_bytes: 5050593280
memory_max_usage_in_bytes: 11517837312


CPU:total 8 (initial active 8) (4 cores per cpu, 2 threads per core) family 6 model 165 stepping 2, cmov, cx8, fxsr, mmx, sse, sse2, sse3, ssse3, sse4.1, sse4.2, popcnt, avx, avx2, aes, clmul, erms, 3dnowpref, lzcnt, ht, tsc, tscinvbit, bmi1, bmi2, adx

/proc/cpuinfo:
processor	: 0
vendor_id	: GenuineIntel
cpu family	: 6
model		: 165
model name	: Intel(R) Core(TM) i5-10300H CPU @ 2.50GHz
stepping	: 2
microcode	: 0xea
cpu MHz		: 3432.225
cache size	: 8192 KB
physical id	: 0
siblings	: 8
core id		: 0
cpu cores	: 4
apicid		: 0
initial apicid	: 0
fpu		: yes
fpu_exception	: yes
cpuid level	: 22
wp		: yes
flags		: fpu vme de pse tsc msr pae mce cx8 apic sep mtrr pge mca cmov pat pse36 clflush dts acpi mmx fxsr sse sse2 ss ht tm pbe syscall nx pdpe1gb rdtscp lm constant_tsc art arch_perfmon pebs bts rep_good nopl xtopology nonstop_tsc cpuid aperfmperf pni pclmulqdq dtes64 monitor ds_cpl vmx est tm2 ssse3 sdbg fma cx16 xtpr pdcm pcid sse4_1 sse4_2 x2apic movbe popcnt tsc_deadline_timer aes xsave avx f16c rdrand lahf_lm abm 3dnowprefetch cpuid_fault epb invpcid_single ssbd ibrs ibpb stibp ibrs_enhanced tpr_shadow vnmi flexpriority ept vpid ept_ad fsgsbase tsc_adjust bmi1 avx2 smep bmi2 erms invpcid mpx rdseed adx smap clflushopt intel_pt xsaveopt xsavec xgetbv1 xsaves dtherm ida arat pln pts hwp hwp_notify hwp_act_window hwp_epp pku ospke md_clear flush_l1d arch_capabilities
vmx flags	: vnmi preemption_timer posted_intr invvpid ept_x_only ept_ad ept_1gb flexpriority apicv tsc_offset vtpr mtf vapic ept vpid unrestricted_guest vapic_reg vid ple pml ept_mode_based_exec
bugs		: spectre_v1 spectre_v2 spec_store_bypass swapgs itlb_multihit
bogomips	: 4999.90
clflush size	: 64
cache_alignment	: 64
address sizes	: 39 bits physical, 48 bits virtual
power management:

processor	: 1
vendor_id	: GenuineIntel
cpu family	: 6
model		: 165
model name	: Intel(R) Core(TM) i5-10300H CPU @ 2.50GHz
stepping	: 2
microcode	: 0xea
cpu MHz		: 3608.328
cache size	: 8192 KB
physical id	: 0
siblings	: 8
core id		: 1
cpu cores	: 4
apicid		: 2
initial apicid	: 2
fpu		: yes
fpu_exception	: yes
cpuid level	: 22
wp		: yes
flags		: fpu vme de pse tsc msr pae mce cx8 apic sep mtrr pge mca cmov pat pse36 clflush dts acpi mmx fxsr sse sse2 ss ht tm pbe syscall nx pdpe1gb rdtscp lm constant_tsc art arch_perfmon pebs bts rep_good nopl xtopology nonstop_tsc cpuid aperfmperf pni pclmulqdq dtes64 monitor ds_cpl vmx est tm2 ssse3 sdbg fma cx16 xtpr pdcm pcid sse4_1 sse4_2 x2apic movbe popcnt tsc_deadline_timer aes xsave avx f16c rdrand lahf_lm abm 3dnowprefetch cpuid_fault epb invpcid_single ssbd ibrs ibpb stibp ibrs_enhanced tpr_shadow vnmi flexpriority ept vpid ept_ad fsgsbase tsc_adjust bmi1 avx2 smep bmi2 erms invpcid mpx rdseed adx smap clflushopt intel_pt xsaveopt xsavec xgetbv1 xsaves dtherm ida arat pln pts hwp hwp_notify hwp_act_window hwp_epp pku ospke md_clear flush_l1d arch_capabilities
vmx flags	: vnmi preemption_timer posted_intr invvpid ept_x_only ept_ad ept_1gb flexpriority apicv tsc_offset vtpr mtf vapic ept vpid unrestricted_guest vapic_reg vid ple pml ept_mode_based_exec
bugs		: spectre_v1 spectre_v2 spec_store_bypass swapgs itlb_multihit
bogomips	: 4999.90
clflush size	: 64
cache_alignment	: 64
address sizes	: 39 bits physical, 48 bits virtual
power management:

processor	: 2
vendor_id	: GenuineIntel
cpu family	: 6
model		: 165
model name	: Intel(R) Core(TM) i5-10300H CPU @ 2.50GHz
stepping	: 2
microcode	: 0xea
cpu MHz		: 3427.064
cache size	: 8192 KB
physical id	: 0
siblings	: 8
core id		: 2
cpu cores	: 4
apicid		: 4
initial apicid	: 4
fpu		: yes
fpu_exception	: yes
cpuid level	: 22
wp		: yes
flags		: fpu vme de pse tsc msr pae mce cx8 apic sep mtrr pge mca cmov pat pse36 clflush dts acpi mmx fxsr sse sse2 ss ht tm pbe syscall nx pdpe1gb rdtscp lm constant_tsc art arch_perfmon pebs bts rep_good nopl xtopology nonstop_tsc cpuid aperfmperf pni pclmulqdq dtes64 monitor ds_cpl vmx est tm2 ssse3 sdbg fma cx16 xtpr pdcm pcid sse4_1 sse4_2 x2apic movbe popcnt tsc_deadline_timer aes xsave avx f16c rdrand lahf_lm abm 3dnowprefetch cpuid_fault epb invpcid_single ssbd ibrs ibpb stibp ibrs_enhanced tpr_shadow vnmi flexpriority ept vpid ept_ad fsgsbase tsc_adjust bmi1 avx2 smep bmi2 erms invpcid mpx rdseed adx smap clflushopt intel_pt xsaveopt xsavec xgetbv1 xsaves dtherm ida arat pln pts hwp hwp_notify hwp_act_window hwp_epp pku ospke md_clear flush_l1d arch_capabilities
vmx flags	: vnmi preemption_timer posted_intr invvpid ept_x_only ept_ad ept_1gb flexpriority apicv tsc_offset vtpr mtf vapic ept vpid unrestricted_guest vapic_reg vid ple pml ept_mode_based_exec
bugs		: spectre_v1 spectre_v2 spec_store_bypass swapgs itlb_multihit
bogomips	: 4999.90
clflush size	: 64
cache_alignment	: 64
address sizes	: 39 bits physical, 48 bits virtual
power management:

processor	: 3
vendor_id	: GenuineIntel
cpu family	: 6
model		: 165
model name	: Intel(R) Core(TM) i5-10300H CPU @ 2.50GHz
stepping	: 2
microcode	: 0xea
cpu MHz		: 3428.272
cache size	: 8192 KB
physical id	: 0
siblings	: 8
core id		: 3
cpu cores	: 4
apicid		: 6
initial apicid	: 6
fpu		: yes
fpu_exception	: yes
cpuid level	: 22
wp		: yes
flags		: fpu vme de pse tsc msr pae mce cx8 apic sep mtrr pge mca cmov pat pse36 clflush dts acpi mmx fxsr sse sse2 ss ht tm pbe syscall nx pdpe1gb rdtscp lm constant_tsc art arch_perfmon pebs bts rep_good nopl xtopology nonstop_tsc cpuid aperfmperf pni pclmulqdq dtes64 monitor ds_cpl vmx est tm2 ssse3 sdbg fma cx16 xtpr pdcm pcid sse4_1 sse4_2 x2apic movbe popcnt tsc_deadline_timer aes xsave avx f16c rdrand lahf_lm abm 3dnowprefetch cpuid_fault epb invpcid_single ssbd ibrs ibpb stibp ibrs_enhanced tpr_shadow vnmi flexpriority ept vpid ept_ad fsgsbase tsc_adjust bmi1 avx2 smep bmi2 erms invpcid mpx rdseed adx smap clflushopt intel_pt xsaveopt xsavec xgetbv1 xsaves dtherm ida arat pln pts hwp hwp_notify hwp_act_window hwp_epp pku ospke md_clear flush_l1d arch_capabilities
vmx flags	: vnmi preemption_timer posted_intr invvpid ept_x_only ept_ad ept_1gb flexpriority apicv tsc_offset vtpr mtf vapic ept vpid unrestricted_guest vapic_reg vid ple pml ept_mode_based_exec
bugs		: spectre_v1 spectre_v2 spec_store_bypass swapgs itlb_multihit
bogomips	: 4999.90
clflush size	: 64
cache_alignment	: 64
address sizes	: 39 bits physical, 48 bits virtual
power management:

processor	: 4
vendor_id	: GenuineIntel
cpu family	: 6
model		: 165
model name	: Intel(R) Core(TM) i5-10300H CPU @ 2.50GHz
stepping	: 2
microcode	: 0xea
cpu MHz		: 3428.573
cache size	: 8192 KB
physical id	: 0
siblings	: 8
core id		: 0
cpu cores	: 4
apicid		: 1
initial apicid	: 1
fpu		: yes
fpu_exception	: yes
cpuid level	: 22
wp		: yes
flags		: fpu vme de pse tsc msr pae mce cx8 apic sep mtrr pge mca cmov pat pse36 clflush dts acpi mmx fxsr sse sse2 ss ht tm pbe syscall nx pdpe1gb rdtscp lm constant_tsc art arch_perfmon pebs bts rep_good nopl xtopology nonstop_tsc cpuid aperfmperf pni pclmulqdq dtes64 monitor ds_cpl vmx est tm2 ssse3 sdbg fma cx16 xtpr pdcm pcid sse4_1 sse4_2 x2apic movbe popcnt tsc_deadline_timer aes xsave avx f16c rdrand lahf_lm abm 3dnowprefetch cpuid_fault epb invpcid_single ssbd ibrs ibpb stibp ibrs_enhanced tpr_shadow vnmi flexpriority ept vpid ept_ad fsgsbase tsc_adjust bmi1 avx2 smep bmi2 erms invpcid mpx rdseed adx smap clflushopt intel_pt xsaveopt xsavec xgetbv1 xsaves dtherm ida arat pln pts hwp hwp_notify hwp_act_window hwp_epp pku ospke md_clear flush_l1d arch_capabilities
vmx flags	: vnmi preemption_timer posted_intr invvpid ept_x_only ept_ad ept_1gb flexpriority apicv tsc_offset vtpr mtf vapic ept vpid unrestricted_guest vapic_reg vid ple pml ept_mode_based_exec
bugs		: spectre_v1 spectre_v2 spec_store_bypass swapgs itlb_multihit
bogomips	: 4999.90
clflush size	: 64
cache_alignment	: 64
address sizes	: 39 bits physical, 48 bits virtual
power management:

processor	: 5
vendor_id	: GenuineIntel
cpu family	: 6
model		: 165
model name	: Intel(R) Core(TM) i5-10300H CPU @ 2.50GHz
stepping	: 2
microcode	: 0xea
cpu MHz		: 3428.084
cache size	: 8192 KB
physical id	: 0
siblings	: 8
core id		: 1
cpu cores	: 4
apicid		: 3
initial apicid	: 3
fpu		: yes
fpu_exception	: yes
cpuid level	: 22
wp		: yes
flags		: fpu vme de pse tsc msr pae mce cx8 apic sep mtrr pge mca cmov pat pse36 clflush dts acpi mmx fxsr sse sse2 ss ht tm pbe syscall nx pdpe1gb rdtscp lm constant_tsc art arch_perfmon pebs bts rep_good nopl xtopology nonstop_tsc cpuid aperfmperf pni pclmulqdq dtes64 monitor ds_cpl vmx est tm2 ssse3 sdbg fma cx16 xtpr pdcm pcid sse4_1 sse4_2 x2apic movbe popcnt tsc_deadline_timer aes xsave avx f16c rdrand lahf_lm abm 3dnowprefetch cpuid_fault epb invpcid_single ssbd ibrs ibpb stibp ibrs_enhanced tpr_shadow vnmi flexpriority ept vpid ept_ad fsgsbase tsc_adjust bmi1 avx2 smep bmi2 erms invpcid mpx rdseed adx smap clflushopt intel_pt xsaveopt xsavec xgetbv1 xsaves dtherm ida arat pln pts hwp hwp_notify hwp_act_window hwp_epp pku ospke md_clear flush_l1d arch_capabilities
vmx flags	: vnmi preemption_timer posted_intr invvpid ept_x_only ept_ad ept_1gb flexpriority apicv tsc_offset vtpr mtf vapic ept vpid unrestricted_guest vapic_reg vid ple pml ept_mode_based_exec
bugs		: spectre_v1 spectre_v2 spec_store_bypass swapgs itlb_multihit
bogomips	: 4999.90
clflush size	: 64
cache_alignment	: 64
address sizes	: 39 bits physical, 48 bits virtual
power management:

processor	: 6
vendor_id	: GenuineIntel
cpu family	: 6
model		: 165
model name	: Intel(R) Core(TM) i5-10300H CPU @ 2.50GHz
stepping	: 2
microcode	: 0xea
cpu MHz		: 3433.283
cache size	: 8192 KB
physical id	: 0
siblings	: 8
core id		: 2
cpu cores	: 4
apicid		: 5
initial apicid	: 5
fpu		: yes
fpu_exception	: yes
cpuid level	: 22
wp		: yes
flags		: fpu vme de pse tsc msr pae mce cx8 apic sep mtrr pge mca cmov pat pse36 clflush dts acpi mmx fxsr sse sse2 ss ht tm pbe syscall nx pdpe1gb rdtscp lm constant_tsc art arch_perfmon pebs bts rep_good nopl xtopology nonstop_tsc cpuid aperfmperf pni pclmulqdq dtes64 monitor ds_cpl vmx est tm2 ssse3 sdbg fma cx16 xtpr pdcm pcid sse4_1 sse4_2 x2apic movbe popcnt tsc_deadline_timer aes xsave avx f16c rdrand lahf_lm abm 3dnowprefetch cpuid_fault epb invpcid_single ssbd ibrs ibpb stibp ibrs_enhanced tpr_shadow vnmi flexpriority ept vpid ept_ad fsgsbase tsc_adjust bmi1 avx2 smep bmi2 erms invpcid mpx rdseed adx smap clflushopt intel_pt xsaveopt xsavec xgetbv1 xsaves dtherm ida arat pln pts hwp hwp_notify hwp_act_window hwp_epp pku ospke md_clear flush_l1d arch_capabilities
vmx flags	: vnmi preemption_timer posted_intr invvpid ept_x_only ept_ad ept_1gb flexpriority apicv tsc_offset vtpr mtf vapic ept vpid unrestricted_guest vapic_reg vid ple pml ept_mode_based_exec
bugs		: spectre_v1 spectre_v2 spec_store_bypass swapgs itlb_multihit
bogomips	: 4999.90
clflush size	: 64
cache_alignment	: 64
address sizes	: 39 bits physical, 48 bits virtual
power management:

processor	: 7
vendor_id	: GenuineIntel
cpu family	: 6
model		: 165
model name	: Intel(R) Core(TM) i5-10300H CPU @ 2.50GHz
stepping	: 2
microcode	: 0xea
cpu MHz		: 3431.217
cache size	: 8192 KB
physical id	: 0
siblings	: 8
core id		: 3
cpu cores	: 4
apicid		: 7
initial apicid	: 7
fpu		: yes
fpu_exception	: yes
cpuid level	: 22
wp		: yes
flags		: fpu vme de pse tsc msr pae mce cx8 apic sep mtrr pge mca cmov pat pse36 clflush dts acpi mmx fxsr sse sse2 ss ht tm pbe syscall nx pdpe1gb rdtscp lm constant_tsc art arch_perfmon pebs bts rep_good nopl xtopology nonstop_tsc cpuid aperfmperf pni pclmulqdq dtes64 monitor ds_cpl vmx est tm2 ssse3 sdbg fma cx16 xtpr pdcm pcid sse4_1 sse4_2 x2apic movbe popcnt tsc_deadline_timer aes xsave avx f16c rdrand lahf_lm abm 3dnowprefetch cpuid_fault epb invpcid_single ssbd ibrs ibpb stibp ibrs_enhanced tpr_shadow vnmi flexpriority ept vpid ept_ad fsgsbase tsc_adjust bmi1 avx2 smep bmi2 erms invpcid mpx rdseed adx smap clflushopt intel_pt xsaveopt xsavec xgetbv1 xsaves dtherm ida arat pln pts hwp hwp_notify hwp_act_window hwp_epp pku ospke md_clear flush_l1d arch_capabilities
vmx flags	: vnmi preemption_timer posted_intr invvpid ept_x_only ept_ad ept_1gb flexpriority apicv tsc_offset vtpr mtf vapic ept vpid unrestricted_guest vapic_reg vid ple pml ept_mode_based_exec
bugs		: spectre_v1 spectre_v2 spec_store_bypass swapgs itlb_multihit
bogomips	: 4999.90
clflush size	: 64
cache_alignment	: 64
address sizes	: 39 bits physical, 48 bits virtual
power management:



Memory: 4k page, physical 24436132k(1674920k free), swap 4193784k(3287660k free)

vm_info: Java HotSpot(TM) 64-Bit Server VM (25.301-b09) for linux-amd64 JRE (1.8.0_301-b09), built on Jun  9 2021 13:44:07 by "java_re" with gcc 7.3.0

time: Sat Nov 27 13:55:37 2021
timezone: CST
elapsed time: 5.922910 seconds (0d 0h 0m 5s)

